  INFO root [0x00002154] [2018-01-28 23:09:37,589] - 
  INFO root [0x00002154] [2018-01-28 23:09:37,603] - -----------------------------------------------------------------------------------------


  INFO root [0x00002154] [2018-01-28 23:09:37,605] - Resmgr::initialize: KBE_ROOT=G:/GitHub/kbengine/
  INFO root [0x00002154] [2018-01-28 23:09:37,605] - Resmgr::initialize: KBE_RES_PATH=G:/GitHub/kbengine/kbe/res/;G:/GitHub/kbengine/newgame-assets/;G:/GitHub/kbengine/newgame-assets/scripts/;G:/GitHub/kbengine/newgame-assets/res/
  INFO root [0x00002154] [2018-01-28 23:09:37,635] - Resmgr::initialize: KBE_BIN_PATH=G:/GitHub/kbengine/kbe/bin/server/
  INFO root [0x00002154] [2018-01-28 23:09:37,716] - NetworkInterface::initialize(INTERNAL): bound to all interfaces with default route interface on 10.82.25.163 ( 10.82.25.163:52560 )
  INFO root [0x00002154] [2018-01-28 23:09:37,716] - NetworkInterface::initialize(INTERNAL): address 10.82.25.163:52560, SOMAXCONN=5.
  INFO root [0x00002154] [2018-01-28 23:09:37,716] - server-configs:
  INFO root [0x00002154] [2018-01-28 23:09:37,717] - 	gameUpdateHertz : 50
  INFO root [0x00002154] [2018-01-28 23:09:37,717] - 	defaultAoIRadius : 80
  INFO root [0x00002154] [2018-01-28 23:09:37,717] - 	defaultAoIHysteresisArea : 5
  INFO root [0x00002154] [2018-01-28 23:09:37,717] - 	entryScriptFile : kbemain
  INFO root [0x00002154] [2018-01-28 23:09:37,717] - 	internalAddr : 10.82.25.163:52560
  INFO root [0x00002154] [2018-01-28 23:09:37,718] - 	componentID : 8001
  INFO root [0x00002154] [2018-01-28 23:09:39,228] - ---- cellapp Version: 1.1.0. ScriptVersion: 0.1.0. Protocol: D25B4E16028C33EB467B7BE2F3500426. Config: Debug X86. Built: 00:01:35 Dec  2 2017. AppID: 8001. UID: 1. PID: 11324 ----
  INFO root [0x00002154] [2018-01-28 23:09:39,235] - Server : Intel(R) Core(TM) i5-4210H CPU @ 2.90GHz with 2097151kB RAM
  INFO root [0x00002154] [2018-01-28 23:09:39,256] - ThreadPool::createThreadPool: creating  threadpool...
  INFO root [0x00002154] [2018-01-28 23:09:39,257] - ThreadPool::createThreadPool: successfully(2), newThreadCount=1, normalMaxThreadCount=2, maxThreadCount=8
 DEBUG root [0x00002154] [2018-01-28 23:09:39,538] - Script::install_py_dlls(): PyInit_pyexpat
 DEBUG root [0x00002154] [2018-01-28 23:09:39,539] - Script::install_py_dlls(): PyInit__socket
 DEBUG root [0x00002154] [2018-01-28 23:09:39,540] - Script::install_py_dlls(): PyInit__ssl
 DEBUG root [0x00002154] [2018-01-28 23:09:39,546] - Script::install_py_dlls(): PyInit__hashlib
 DEBUG root [0x00002154] [2018-01-28 23:09:39,546] - Script::install_py_dlls(): PyInit_select
 DEBUG root [0x00002154] [2018-01-28 23:09:39,546] - Script::install_py_dlls(): PyInit__ctypes
 DEBUG root [0x00002154] [2018-01-28 23:09:39,547] - Script::install_py_dlls(): PyInit__elementtree
 DEBUG root [0x00002154] [2018-01-28 23:09:39,676] - Script::install_py_dlls(): PyInit_unicodedata
  INFO root [0x00002154] [2018-01-28 23:09:39,775] - Script::install(): is successfully, Python=(3.4.2 (default, Dec  2 2017, 00:00:20) [MSC v.1900 32 bit (Intel)])!
  INFO root [0x00002154] [2018-01-28 23:09:39,775] - Script::install(): KBExtra is successfully!
 DEBUG root [0x00002154] [2018-01-28 23:09:39,952] - loaded script:MoveObj(2).
 DEBUG root [0x00002154] [2018-01-28 23:09:40,036] - loaded script:Role(3).
 DEBUG root [0x00002154] [2018-01-28 23:09:40,085] - loaded script:Arrow(5).
 DEBUG root [0x00002154] [2018-01-28 23:09:40,088] - loaded script:Space(6).
 DEBUG root [0x00002154] [2018-01-28 23:09:40,090] - loaded script:SpawnPoint(7).
  INFO root [0x00002154] [2018-01-28 23:09:40,091] - TelnetServer server is running on port 50000
  INFO root [0x00002154] [2018-01-28 23:09:41,125] - ---- cellapp is running ----
 DEBUG root [0x00002154] [2018-01-28 23:09:41,126] - Components::process(): Request for the process of identity...
  WARN root [0x00002154] [2018-01-28 23:09:47,297] - EntityApp::checkTickPeriod: tick took 30855% (30.85 seconds)!
  WARN root [0x00002154] [2018-01-28 23:09:47,316] - event_dispatcher.cpp:171: Profile callSystemTimers took 0.02 seconds
  INFO root [0x00002154] [2018-01-28 23:09:48,325] - Components::findComponents: find logger(1)...
  INFO root [0x00002154] [2018-01-28 23:09:48,334] - Components::findComponents: found logger, addr:10.82.25.163:52554
  INFO root [0x00002154] [2018-01-28 23:09:48,335] - Components::addComponent: reset orderLog, uid=1!
  INFO root [0x00002154] [2018-01-28 23:09:48,336] - Components::addComponent[logger], uid=1, componentID=2000, globalorderid=1, grouporderid=1, totalcount=1
  INFO root [0x00002154] [2018-01-28 23:09:48,338] - Components::findComponents: find dbmgr(2)...
  INFO root [0x00002154] [2018-01-28 23:09:48,440] - Components::findComponents: found dbmgr, addr:10.82.25.163:52558
  INFO root [0x00002154] [2018-01-28 23:09:48,440] - Components::addComponent: reset orderLog, uid=1!
  INFO root [0x00002154] [2018-01-28 23:09:48,440] - Components::addComponent[dbmgr], uid=1, componentID=4000, globalorderid=1, grouporderid=1, totalcount=1
  INFO root [0x00002154] [2018-01-28 23:09:48,440] - Components::findComponents: found dbmgr, addr:10.82.25.163:52558
  WARN root [0x00002154] [2018-01-28 23:09:49,441] - EntityApp::checkTickPeriod: tick took 5675% (5.68 seconds)!
  WARN root [0x00002154] [2018-01-28 23:09:49,443] - Forwarding logs to logger[10.82.25.163:52554/0/0/0]...
 ERROR root [0x00002154] [2018-01-28 23:10:38,426] - Cellapp::onUpdateDataFromClientForControlledEntity: not found entity 21!
 ERROR root [0x00002154] [2018-01-28 23:10:38,428] - Cellapp::onUpdateDataFromClientForControlledEntity: not found entity 23!
 ERROR root [0x00002154] [2018-01-28 23:10:38,428] - Cellapp::onUpdateDataFromClientForControlledEntity: not found entity 24!
 ERROR root [0x00002154] [2018-01-28 23:10:44,765] - Cellapp::onUpdateDataFromClientForControlledEntity: not found entity 26!
 ERROR root [0x00002154] [2018-01-28 23:10:44,766] - Cellapp::onUpdateDataFromClientForControlledEntity: not found entity 27!
 ERROR root [0x00002154] [2018-01-28 23:10:44,766] - Cellapp::onUpdateDataFromClientForControlledEntity: not found entity 29!
 ERROR root [0x00002154] [2018-01-28 23:10:44,767] - Cellapp::onUpdateDataFromClientForControlledEntity: not found entity 30!
 ERROR root [0x00002154] [2018-01-28 23:10:46,890] - Cellapp::onUpdateDataFromClientForControlledEntity: not found entity 32!
 ERROR root [0x00002154] [2018-01-28 23:10:46,894] - Cellapp::onUpdateDataFromClientForControlledEntity: not found entity 34!
 ERROR root [0x00002154] [2018-01-28 23:10:46,896] - Cellapp::onUpdateDataFromClientForControlledEntity: not found entity 35!
 ERROR root [0x00002154] [2018-01-28 23:11:17,247] - Cellapp::onUpdateDataFromClientForControlledEntity: not found entity 36!
 ERROR root [0x00002154] [2018-01-28 23:41:30,924] - Cellapp::onUpdateDataFromClientForControlledEntity: not found entity 41!
 ERROR root [0x00002154] [2018-01-28 23:45:14,566] - Cellapp::onUpdateDataFromClientForControlledEntity: not found entity 45!
 ERROR root [0x00002154] [2018-01-28 23:45:55,084] - Cellapp::onUpdateDataFromClientForControlledEntity: not found entity 46!
 ERROR root [0x00002154] [2018-01-28 23:46:00,705] - Cellapp::onUpdateDataFromClientForControlledEntity: not found entity 47!
 ERROR root [0x00002154] [2018-01-28 23:46:02,706] - Cellapp::onUpdateDataFromClientForControlledEntity: not found entity 49!
 ERROR root [0x00002154] [2018-01-28 23:46:02,715] - Cellapp::onUpdateDataFromClientForControlledEntity: not found entity 51!
 ERROR root [0x00002154] [2018-01-28 23:46:43,369] - Cellapp::onUpdateDataFromClientForControlledEntity: not found entity 57!
 ERROR root [0x00002154] [2018-01-28 23:46:43,371] - Cellapp::onUpdateDataFromClientForControlledEntity: not found entity 58!
 ERROR root [0x00002154] [2018-01-28 23:46:43,374] - Cellapp::onUpdateDataFromClientForControlledEntity: not found entity 59!
 ERROR root [0x00002154] [2018-01-28 23:46:43,375] - Cellapp::onUpdateDataFromClientForControlledEntity: not found entity 60!
 ERROR root [0x00002154] [2018-01-28 23:46:43,375] - Cellapp::onUpdateDataFromClientForControlledEntity: not found entity 61!
 ERROR root [0x00002154] [2018-01-28 23:46:51,005] - Cellapp::onUpdateDataFromClientForControlledEntity: not found entity 64!
 ERROR root [0x00002154] [2018-01-28 23:46:51,006] - Cellapp::onUpdateDataFromClientForControlledEntity: not found entity 66!
 ERROR root [0x00002154] [2018-01-28 23:46:51,006] - Cellapp::onUpdateDataFromClientForControlledEntity: not found entity 67!
 ERROR root [0x00002154] [2018-01-28 23:47:00,766] - Cellapp::onUpdateDataFromClientForControlledEntity: not found entity 70!
 ERROR root [0x00002154] [2018-01-28 23:47:00,768] - Cellapp::onUpdateDataFromClientForControlledEntity: not found entity 72!
 ERROR root [0x00002154] [2018-01-28 23:47:00,768] - Cellapp::onUpdateDataFromClientForControlledEntity: not found entity 73!
 ERROR root [0x00002154] [2018-01-28 23:49:09,684] - Cellapp::onUpdateDataFromClientForControlledEntity: not found entity 78!
 ERROR root [0x00002154] [2018-01-28 23:49:19,544] - Cellapp::onUpdateDataFromClientForControlledEntity: not found entity 84!
 ERROR root [0x00002154] [2018-01-28 23:49:21,344] - Cellapp::onUpdateDataFromClientForControlledEntity: not found entity 85!
 ERROR root [0x00002154] [2018-01-28 23:49:21,346] - Cellapp::onUpdateDataFromClientForControlledEntity: not found entity 87!
 ERROR root [0x00002154] [2018-01-28 23:49:21,348] - Cellapp::onUpdateDataFromClientForControlledEntity: not found entity 89!
 ERROR root [0x00002154] [2018-01-28 23:50:00,544] - Cellapp::onUpdateDataFromClientForControlledEntity: not found entity 91!
 ERROR root [0x00002154] [2018-01-28 23:50:00,545] - Cellapp::onUpdateDataFromClientForControlledEntity: not found entity 93!
 ERROR root [0x00002154] [2018-01-28 23:50:00,545] - Cellapp::onUpdateDataFromClientForControlledEntity: not found entity 94!
 ERROR root [0x00002154] [2018-01-28 23:51:14,225] - Cellapp::onUpdateDataFromClientForControlledEntity: not found entity 95!
