  INFO root [2018-01-30 14:14:01,792] - 
  INFO root [2018-01-30 14:14:01,792] - -----------------------------------------------------------------------------------------


  INFO root [2018-01-30 14:14:01,794] - Resmgr::initialize: KBE_ROOT=G:/GitHub/kbengine/
  INFO root [2018-01-30 14:14:01,794] - Resmgr::initialize: KBE_RES_PATH=G:/GitHub/kbengine/kbe/res/;G:/GitHub/kbengine/newgame-assets/;G:/GitHub/kbengine/newgame-assets/scripts/;G:/GitHub/kbengine/newgame-assets/res/
  INFO root [2018-01-30 14:14:01,794] - Resmgr::initialize: KBE_BIN_PATH=G:/GitHub/kbengine/kbe/bin/server/
  INFO root [2018-01-30 14:14:01,797] - NetworkInterface::initialize(INTERNAL): bound to all interfaces with default route interface on 192.168.1.133 ( 192.168.1.133:30099 )
  INFO root [2018-01-30 14:14:01,894] - NetworkInterface::initialize(INTERNAL): address 192.168.1.133:30099, SOMAXCONN=5.
  INFO root [2018-01-30 14:14:01,902] - ---- interfaces Version: 1.1.0. ScriptVersion: 0.1.0. Protocol: 1ABB6125D8365C3720079E1D4CCC25C7. Config: Debug X86. Built: 23:59:41 Dec  1 2017. AppID: 3000. UID: 1. PID: 12612 ----
  INFO root [2018-01-30 14:14:01,902] - Server : Intel(R) Core(TM) i5-4210H CPU @ 2.90GHz with 2097151kB RAM
  INFO root [2018-01-30 14:14:01,903] - ThreadPool::createThreadPool: creating  threadpool...
  INFO root [2018-01-30 14:14:01,903] - ThreadPool::createThreadPool: successfully(2), newThreadCount=1, normalMaxThreadCount=2, maxThreadCount=8
 DEBUG root [2018-01-30 14:14:02,105] - Script::install_py_dlls(): PyInit_pyexpat
 DEBUG root [2018-01-30 14:14:02,107] - Script::install_py_dlls(): PyInit__socket
 DEBUG root [2018-01-30 14:14:02,108] - Script::install_py_dlls(): PyInit__ssl
 DEBUG root [2018-01-30 14:14:02,118] - Script::install_py_dlls(): PyInit__hashlib
 DEBUG root [2018-01-30 14:14:02,118] - Script::install_py_dlls(): PyInit_select
 DEBUG root [2018-01-30 14:14:02,119] - Script::install_py_dlls(): PyInit__ctypes
 DEBUG root [2018-01-30 14:14:02,119] - Script::install_py_dlls(): PyInit__elementtree
 DEBUG root [2018-01-30 14:14:02,199] - Script::install_py_dlls(): PyInit_unicodedata
  INFO root [2018-01-30 14:14:02,331] - Script::install(): is successfully, Python=(3.4.2 (default, Dec  1 2017, 23:59:35) [MSC v.1900 32 bit (Intel)])!
  INFO root [2018-01-30 14:14:02,331] - Script::install(): KBExtra is successfully!
S_INFO root [2018-01-30 14:14:02,386] - onInterfaceAppReady: bootstrapGroupIndex=0, bootstrapGlobalIndex=0
  INFO root [2018-01-30 14:14:02,419] - TelnetServer server is running on port 33000
  WARN root [2018-01-30 14:14:02,419] - interfaces.cpp:164: Profile scriptCall took 0.03 seconds
  INFO root [2018-01-30 14:14:03,016] - ---- interfaces is running ----
 DEBUG root [2018-01-30 14:14:03,017] - Components::process(): Request for the process of identity...
  WARN root [2018-01-30 14:14:09,317] - serverapp.cpp:271: Profile callScriptTimers took 0.02 seconds
  WARN root [2018-01-30 14:14:09,411] - event_dispatcher.cpp:171: Profile callSystemTimers took 0.16 seconds
  INFO root [2018-01-30 14:14:10,666] - Components::process(): Found all the components!
  WARN root [2018-01-30 14:14:31,933] - event_dispatcher.cpp:171: Profile callSystemTimers took 0.04 seconds
  WARN root [2018-01-30 14:14:34,593] - TCPPacketReceiver::processPendingEvents(127.0.0.1:60462): Throwing REASON_GENERAL_NETWORK - WSAECONNRESET
  INFO root [2018-01-30 14:14:38,168] - 
  INFO root [2018-01-30 14:14:38,187] - -----------------------------------------------------------------------------------------


  INFO root [2018-01-30 14:14:38,188] - Resmgr::initialize: KBE_ROOT=G:/GitHub/kbengine/
  INFO root [2018-01-30 14:14:38,189] - Resmgr::initialize: KBE_RES_PATH=G:/GitHub/kbengine/kbe/res/;G:/GitHub/kbengine/newgame-assets/;G:/GitHub/kbengine/newgame-assets/scripts/;G:/GitHub/kbengine/newgame-assets/res/
  INFO root [2018-01-30 14:14:38,189] - Resmgr::initialize: KBE_BIN_PATH=G:/GitHub/kbengine/kbe/bin/server/
  INFO root [2018-01-30 14:14:38,201] - NetworkInterface::initialize(INTERNAL): bound to all interfaces with default route interface on 192.168.1.133 ( 192.168.1.133:30099 )
  INFO root [2018-01-30 14:14:38,201] - NetworkInterface::initialize(INTERNAL): address 192.168.1.133:30099, SOMAXCONN=5.
  INFO root [2018-01-30 14:14:38,210] - ---- interfaces Version: 1.1.0. ScriptVersion: 0.1.0. Protocol: 1ABB6125D8365C3720079E1D4CCC25C7. Config: Debug X86. Built: 23:59:41 Dec  1 2017. AppID: 3000. UID: 1. PID: 16000 ----
  INFO root [2018-01-30 14:14:38,215] - Server : Intel(R) Core(TM) i5-4210H CPU @ 2.90GHz with 2097151kB RAM
  INFO root [2018-01-30 14:14:38,215] - ThreadPool::createThreadPool: creating  threadpool...
  INFO root [2018-01-30 14:14:38,216] - ThreadPool::createThreadPool: successfully(2), newThreadCount=1, normalMaxThreadCount=2, maxThreadCount=8
 DEBUG root [2018-01-30 14:14:38,399] - Script::install_py_dlls(): PyInit_pyexpat
 DEBUG root [2018-01-30 14:14:38,399] - Script::install_py_dlls(): PyInit__socket
 DEBUG root [2018-01-30 14:14:38,400] - Script::install_py_dlls(): PyInit__ssl
 DEBUG root [2018-01-30 14:14:38,410] - Script::install_py_dlls(): PyInit__hashlib
 DEBUG root [2018-01-30 14:14:38,410] - Script::install_py_dlls(): PyInit_select
 DEBUG root [2018-01-30 14:14:38,411] - Script::install_py_dlls(): PyInit__ctypes
 DEBUG root [2018-01-30 14:14:38,411] - Script::install_py_dlls(): PyInit__elementtree
 DEBUG root [2018-01-30 14:14:38,463] - Script::install_py_dlls(): PyInit_unicodedata
  INFO root [2018-01-30 14:14:38,588] - Script::install(): is successfully, Python=(3.4.2 (default, Dec  1 2017, 23:59:35) [MSC v.1900 32 bit (Intel)])!
  INFO root [2018-01-30 14:14:38,588] - Script::install(): KBExtra is successfully!
S_INFO root [2018-01-30 14:14:38,613] - onInterfaceAppReady: bootstrapGroupIndex=0, bootstrapGlobalIndex=0
  INFO root [2018-01-30 14:14:38,630] - TelnetServer server is running on port 33000
  INFO root [2018-01-30 14:14:39,128] - ---- interfaces is running ----
 DEBUG root [2018-01-30 14:14:39,128] - Components::process(): Request for the process of identity...
  WARN root [2018-01-30 14:14:45,284] - event_dispatcher.cpp:171: Profile callSystemTimers took 0.03 seconds
  INFO root [2018-01-30 14:14:46,297] - Components::process(): Found all the components!
S_INFO root [2018-01-30 14:15:23,191] - onRequestAccountLogin: registerName=a
  WARN root [2018-01-30 14:15:23,203] - event_dispatcher.cpp:171: Profile callSystemTimers took 0.05 seconds
S_INFO root [2018-01-30 14:15:42,253] - onRequestAccountLogin: registerName=b
S_INFO root [2018-01-30 14:15:43,653] - onRequestAccountLogin: registerName=b
S_INFO root [2018-01-30 14:17:11,193] - onRequestAccountLogin: registerName=a
S_INFO root [2018-01-30 14:17:21,213] - onRequestAccountLogin: registerName=b
S_INFO root [2018-01-30 14:21:57,993] - onRequestAccountLogin: registerName=a
S_INFO root [2018-01-30 14:22:11,713] - onRequestAccountLogin: registerName=b
S_INFO root [2018-01-30 14:26:26,792] - onRequestAccountLogin: registerName=a
S_INFO root [2018-01-30 14:26:39,614] - onRequestAccountLogin: registerName=b
S_INFO root [2018-01-30 14:29:02,372] - onRequestAccountLogin: registerName=a
S_INFO root [2018-01-30 14:29:14,454] - onRequestAccountLogin: registerName=b
S_INFO root [2018-01-30 14:45:42,392] - onRequestAccountLogin: registerName=a
S_INFO root [2018-01-30 14:45:54,611] - onRequestAccountLogin: registerName=b
S_INFO root [2018-01-30 14:50:28,311] - onRequestAccountLogin: registerName=a
S_INFO root [2018-01-30 14:50:40,011] - onRequestAccountLogin: registerName=b
S_INFO root [2018-01-30 14:53:01,373] - onRequestAccountLogin: registerName=a
S_INFO root [2018-01-30 14:53:14,711] - onRequestAccountLogin: registerName=b
S_INFO root [2018-01-30 14:58:22,371] - onRequestAccountLogin: registerName=a
S_INFO root [2018-01-30 14:58:35,992] - onRequestAccountLogin: registerName=b
S_INFO root [2018-01-30 15:03:31,751] - onRequestAccountLogin: registerName=a
S_INFO root [2018-01-30 15:03:43,672] - onRequestAccountLogin: registerName=b
S_INFO root [2018-01-30 15:05:14,990] - onRequestAccountLogin: registerName=a
S_INFO root [2018-01-30 15:05:26,511] - onRequestAccountLogin: registerName=b
S_INFO root [2018-01-30 15:08:13,431] - onRequestAccountLogin: registerName=a
S_INFO root [2018-01-30 15:08:24,870] - onRequestAccountLogin: registerName=b
S_INFO root [2018-01-30 15:11:09,051] - onRequestAccountLogin: registerName=a
S_INFO root [2018-01-30 15:11:20,410] - onRequestAccountLogin: registerName=b
S_INFO root [2018-01-30 15:37:57,110] - onRequestAccountLogin: registerName=a
S_INFO root [2018-01-30 15:38:08,609] - onRequestAccountLogin: registerName=b
  WARN root [2018-01-30 15:38:27,625] - TCPPacketReceiver::processPendingEvents(127.0.0.1:60503): Throwing REASON_GENERAL_NETWORK - WSAECONNRESET
  INFO root [2018-01-30 15:38:46,846] - 
  INFO root [2018-01-30 15:38:46,847] - -----------------------------------------------------------------------------------------


  INFO root [2018-01-30 15:38:46,848] - Resmgr::initialize: KBE_ROOT=G:/GitHub/kbengine/
  INFO root [2018-01-30 15:38:46,849] - Resmgr::initialize: KBE_RES_PATH=G:/GitHub/kbengine/kbe/res/;G:/GitHub/kbengine/newgame-assets/;G:/GitHub/kbengine/newgame-assets/scripts/;G:/GitHub/kbengine/newgame-assets/res/
  INFO root [2018-01-30 15:38:46,849] - Resmgr::initialize: KBE_BIN_PATH=G:/GitHub/kbengine/kbe/bin/server/
  INFO root [2018-01-30 15:38:46,914] - NetworkInterface::initialize(INTERNAL): bound to all interfaces with default route interface on 192.168.1.133 ( 192.168.1.133:30099 )
  INFO root [2018-01-30 15:38:46,915] - NetworkInterface::initialize(INTERNAL): address 192.168.1.133:30099, SOMAXCONN=5.
  INFO root [2018-01-30 15:38:46,947] - ---- interfaces Version: 1.1.0. ScriptVersion: 0.1.0. Protocol: 1ABB6125D8365C3720079E1D4CCC25C7. Config: Debug X86. Built: 23:59:41 Dec  1 2017. AppID: 3000. UID: 1. PID: 14140 ----
  INFO root [2018-01-30 15:38:46,969] - Server : Intel(R) Core(TM) i5-4210H CPU @ 2.90GHz with 2097151kB RAM
  INFO root [2018-01-30 15:38:46,975] - ThreadPool::createThreadPool: creating  threadpool...
  INFO root [2018-01-30 15:38:46,976] - ThreadPool::createThreadPool: successfully(2), newThreadCount=1, normalMaxThreadCount=2, maxThreadCount=8
 DEBUG root [2018-01-30 15:38:47,155] - Script::install_py_dlls(): PyInit_pyexpat
 DEBUG root [2018-01-30 15:38:47,156] - Script::install_py_dlls(): PyInit__socket
 DEBUG root [2018-01-30 15:38:47,156] - Script::install_py_dlls(): PyInit__ssl
 DEBUG root [2018-01-30 15:38:47,162] - Script::install_py_dlls(): PyInit__hashlib
 DEBUG root [2018-01-30 15:38:47,162] - Script::install_py_dlls(): PyInit_select
 DEBUG root [2018-01-30 15:38:47,162] - Script::install_py_dlls(): PyInit__ctypes
 DEBUG root [2018-01-30 15:38:47,163] - Script::install_py_dlls(): PyInit__elementtree
 DEBUG root [2018-01-30 15:38:47,229] - Script::install_py_dlls(): PyInit_unicodedata
  INFO root [2018-01-30 15:38:47,304] - Script::install(): is successfully, Python=(3.4.2 (default, Dec  1 2017, 23:59:35) [MSC v.1900 32 bit (Intel)])!
  INFO root [2018-01-30 15:38:47,305] - Script::install(): KBExtra is successfully!
S_INFO root [2018-01-30 15:38:47,321] - onInterfaceAppReady: bootstrapGroupIndex=0, bootstrapGlobalIndex=0
  INFO root [2018-01-30 15:38:47,332] - TelnetServer server is running on port 33000
  INFO root [2018-01-30 15:38:47,813] - ---- interfaces is running ----
 DEBUG root [2018-01-30 15:38:47,814] - Components::process(): Request for the process of identity...
  INFO root [2018-01-30 15:38:54,981] - Components::process(): Found all the components!
S_INFO root [2018-01-30 15:39:11,121] - onRequestAccountLogin: registerName=a
S_INFO root [2018-01-30 15:39:22,101] - onRequestAccountLogin: registerName=b
  WARN root [2018-01-30 15:40:16,193] - TCPPacketReceiver::processPendingEvents(127.0.0.1:54148): Throwing REASON_GENERAL_NETWORK - WSAECONNRESET
  INFO root [2018-01-30 15:40:19,829] - 
  INFO root [2018-01-30 15:40:19,834] - -----------------------------------------------------------------------------------------


  INFO root [2018-01-30 15:40:19,835] - Resmgr::initialize: KBE_ROOT=G:/GitHub/kbengine/
  INFO root [2018-01-30 15:40:19,835] - Resmgr::initialize: KBE_RES_PATH=G:/GitHub/kbengine/kbe/res/;G:/GitHub/kbengine/newgame-assets/;G:/GitHub/kbengine/newgame-assets/scripts/;G:/GitHub/kbengine/newgame-assets/res/
  INFO root [2018-01-30 15:40:19,835] - Resmgr::initialize: KBE_BIN_PATH=G:/GitHub/kbengine/kbe/bin/server/
  INFO root [2018-01-30 15:40:19,840] - NetworkInterface::initialize(INTERNAL): bound to all interfaces with default route interface on 192.168.1.133 ( 192.168.1.133:30099 )
  INFO root [2018-01-30 15:40:19,841] - NetworkInterface::initialize(INTERNAL): address 192.168.1.133:30099, SOMAXCONN=5.
  INFO root [2018-01-30 15:40:19,864] - ---- interfaces Version: 1.1.0. ScriptVersion: 0.1.0. Protocol: 1ABB6125D8365C3720079E1D4CCC25C7. Config: Debug X86. Built: 23:59:41 Dec  1 2017. AppID: 3000. UID: 1. PID: 12504 ----
  INFO root [2018-01-30 15:40:19,882] - Server : Intel(R) Core(TM) i5-4210H CPU @ 2.90GHz with 2097151kB RAM
  INFO root [2018-01-30 15:40:19,894] - ThreadPool::createThreadPool: creating  threadpool...
  INFO root [2018-01-30 15:40:19,895] - ThreadPool::createThreadPool: successfully(2), newThreadCount=1, normalMaxThreadCount=2, maxThreadCount=8
 DEBUG root [2018-01-30 15:40:20,082] - Script::install_py_dlls(): PyInit_pyexpat
 DEBUG root [2018-01-30 15:40:20,083] - Script::install_py_dlls(): PyInit__socket
 DEBUG root [2018-01-30 15:40:20,084] - Script::install_py_dlls(): PyInit__ssl
 DEBUG root [2018-01-30 15:40:20,096] - Script::install_py_dlls(): PyInit__hashlib
 DEBUG root [2018-01-30 15:40:20,096] - Script::install_py_dlls(): PyInit_select
 DEBUG root [2018-01-30 15:40:20,097] - Script::install_py_dlls(): PyInit__ctypes
 DEBUG root [2018-01-30 15:40:20,098] - Script::install_py_dlls(): PyInit__elementtree
 DEBUG root [2018-01-30 15:40:20,231] - Script::install_py_dlls(): PyInit_unicodedata
  INFO root [2018-01-30 15:40:20,288] - Script::install(): is successfully, Python=(3.4.2 (default, Dec  1 2017, 23:59:35) [MSC v.1900 32 bit (Intel)])!
  INFO root [2018-01-30 15:40:20,289] - Script::install(): KBExtra is successfully!
S_INFO root [2018-01-30 15:40:20,306] - onInterfaceAppReady: bootstrapGroupIndex=0, bootstrapGlobalIndex=0
  INFO root [2018-01-30 15:40:20,318] - TelnetServer server is running on port 33000
  INFO root [2018-01-30 15:40:20,843] - ---- interfaces is running ----
 DEBUG root [2018-01-30 15:40:20,843] - Components::process(): Request for the process of identity...
  INFO root [2018-01-30 15:40:28,006] - Components::process(): Found all the components!
S_INFO root [2018-01-30 15:40:43,546] - onRequestAccountLogin: registerName=a
S_INFO root [2018-01-30 15:40:55,208] - onRequestAccountLogin: registerName=b
S_INFO root [2018-01-30 15:42:33,146] - onRequestAccountLogin: registerName=a
S_INFO root [2018-01-30 15:42:44,606] - onRequestAccountLogin: registerName=b
  WARN root [2018-01-30 18:33:14,969] - TCPPacketReceiver::processPendingEvents(127.0.0.1:54236): Throwing REASON_GENERAL_NETWORK - WSAECONNRESET
  INFO root [2018-01-30 18:33:19,531] - 
  INFO root [2018-01-30 18:33:19,541] - -----------------------------------------------------------------------------------------


  INFO root [2018-01-30 18:33:19,542] - Resmgr::initialize: KBE_ROOT=G:/GitHub/kbengine/
  INFO root [2018-01-30 18:33:19,543] - Resmgr::initialize: KBE_RES_PATH=G:/GitHub/kbengine/kbe/res/;G:/GitHub/kbengine/newgame-assets/;G:/GitHub/kbengine/newgame-assets/scripts/;G:/GitHub/kbengine/newgame-assets/res/
  INFO root [2018-01-30 18:33:19,543] - Resmgr::initialize: KBE_BIN_PATH=G:/GitHub/kbengine/kbe/bin/server/
  INFO root [2018-01-30 18:33:19,552] - NetworkInterface::initialize(INTERNAL): bound to all interfaces with default route interface on 192.168.1.133 ( 192.168.1.133:30099 )
  INFO root [2018-01-30 18:33:19,552] - NetworkInterface::initialize(INTERNAL): address 192.168.1.133:30099, SOMAXCONN=5.
  INFO root [2018-01-30 18:33:19,566] - ---- interfaces Version: 1.1.0. ScriptVersion: 0.1.0. Protocol: 1ABB6125D8365C3720079E1D4CCC25C7. Config: Debug X86. Built: 23:59:41 Dec  1 2017. AppID: 3000. UID: 1. PID: 10048 ----
  INFO root [2018-01-30 18:33:19,569] - Server : Intel(R) Core(TM) i5-4210H CPU @ 2.90GHz with 2097151kB RAM
  INFO root [2018-01-30 18:33:19,575] - ThreadPool::createThreadPool: creating  threadpool...
  INFO root [2018-01-30 18:33:19,575] - ThreadPool::createThreadPool: successfully(2), newThreadCount=1, normalMaxThreadCount=2, maxThreadCount=8
 DEBUG root [2018-01-30 18:33:19,773] - Script::install_py_dlls(): PyInit_pyexpat
 DEBUG root [2018-01-30 18:33:19,774] - Script::install_py_dlls(): PyInit__socket
 DEBUG root [2018-01-30 18:33:19,774] - Script::install_py_dlls(): PyInit__ssl
 DEBUG root [2018-01-30 18:33:19,779] - Script::install_py_dlls(): PyInit__hashlib
 DEBUG root [2018-01-30 18:33:19,792] - Script::install_py_dlls(): PyInit_select
 DEBUG root [2018-01-30 18:33:19,792] - Script::install_py_dlls(): PyInit__ctypes
 DEBUG root [2018-01-30 18:33:19,793] - Script::install_py_dlls(): PyInit__elementtree
 DEBUG root [2018-01-30 18:33:19,883] - Script::install_py_dlls(): PyInit_unicodedata
  INFO root [2018-01-30 18:33:19,999] - Script::install(): is successfully, Python=(3.4.2 (default, Dec  1 2017, 23:59:35) [MSC v.1900 32 bit (Intel)])!
  INFO root [2018-01-30 18:33:19,999] - Script::install(): KBExtra is successfully!
S_INFO root [2018-01-30 18:33:20,014] - onInterfaceAppReady: bootstrapGroupIndex=0, bootstrapGlobalIndex=0
  INFO root [2018-01-30 18:33:20,055] - TelnetServer server is running on port 33000
  WARN root [2018-01-30 18:33:20,097] - interfaces.cpp:164: Profile scriptCall took 0.08 seconds
  INFO root [2018-01-30 18:33:21,314] - ---- interfaces is running ----
 DEBUG root [2018-01-30 18:33:21,406] - Components::process(): Request for the process of identity...
  INFO root [2018-01-30 18:33:28,755] - Components::process(): Found all the components!
S_INFO root [2018-01-30 18:33:49,234] - onRequestAccountLogin: registerName=a
S_INFO root [2018-01-30 18:34:02,794] - onRequestAccountLogin: registerName=b
S_INFO root [2018-01-30 18:37:41,034] - onRequestAccountLogin: registerName=a
S_INFO root [2018-01-30 18:39:21,214] - onRequestAccountLogin: registerName=a
S_INFO root [2018-01-30 18:40:10,894] - onRequestAccountLogin: registerName=a
S_INFO root [2018-01-30 18:40:51,534] - onRequestAccountLogin: registerName=a
S_INFO root [2018-01-30 18:41:36,335] - onRequestAccountLogin: registerName=a
S_INFO root [2018-01-30 18:41:43,754] - onRequestAccountLogin: registerName=b
S_INFO root [2018-01-30 18:43:02,494] - onRequestAccountLogin: registerName=a
S_INFO root [2018-01-30 18:43:19,854] - onRequestAccountLogin: registerName=a
S_INFO root [2018-01-30 18:50:01,136] - onRequestAccountLogin: registerName=a
S_INFO root [2018-01-30 18:50:12,774] - onRequestAccountLogin: registerName=b
S_INFO root [2018-01-30 18:50:48,814] - onRequestAccountLogin: registerName=a
S_INFO root [2018-01-30 18:50:59,934] - onRequestAccountLogin: registerName=b
S_INFO root [2018-01-30 19:02:49,013] - onRequestAccountLogin: registerName=a
S_INFO root [2018-01-30 19:03:02,633] - onRequestAccountLogin: registerName=b
S_INFO root [2018-01-30 19:08:12,373] - onRequestAccountLogin: registerName=a
S_INFO root [2018-01-30 19:08:26,953] - onRequestAccountLogin: registerName=b
S_INFO root [2018-01-30 20:09:23,890] - onRequestAccountLogin: registerName=a
S_INFO root [2018-01-30 20:09:35,892] - onRequestAccountLogin: registerName=b
S_INFO root [2018-01-30 20:12:38,270] - onRequestAccountLogin: registerName=a
S_INFO root [2018-01-30 20:18:31,750] - onRequestAccountLogin: registerName=a
S_INFO root [2018-01-30 20:18:43,510] - onRequestAccountLogin: registerName=b
S_INFO root [2018-01-30 20:22:43,150] - onRequestAccountLogin: registerName=a
S_INFO root [2018-01-30 20:22:54,530] - onRequestAccountLogin: registerName=b
S_INFO root [2018-01-30 20:24:20,350] - onRequestAccountLogin: registerName=a
S_INFO root [2018-01-30 20:24:32,129] - onRequestAccountLogin: registerName=b
S_INFO root [2018-01-30 20:25:53,229] - onRequestAccountLogin: registerName=a
S_INFO root [2018-01-30 20:26:03,910] - onRequestAccountLogin: registerName=b
S_INFO root [2018-01-30 20:36:57,049] - onRequestAccountLogin: registerName=a
S_INFO root [2018-01-30 20:37:29,990] - onRequestAccountLogin: registerName=b
S_INFO root [2018-01-30 20:39:09,429] - onRequestAccountLogin: registerName=a
S_INFO root [2018-01-30 20:40:03,829] - onRequestAccountLogin: registerName=b
S_INFO root [2018-01-30 20:42:00,869] - onRequestAccountLogin: registerName=a
S_INFO root [2018-01-30 20:42:19,909] - onRequestAccountLogin: registerName=b
  WARN root [2018-01-30 20:52:24,037] - TCPPacketReceiver::processPendingEvents(127.0.0.1:60742): Throwing REASON_GENERAL_NETWORK - WSAECONNRESET
  INFO root [2018-01-30 20:52:27,574] - 
  INFO root [2018-01-30 20:52:27,632] - -----------------------------------------------------------------------------------------


  INFO root [2018-01-30 20:52:27,635] - Resmgr::initialize: KBE_ROOT=G:/GitHub/kbengine/
  INFO root [2018-01-30 20:52:27,636] - Resmgr::initialize: KBE_RES_PATH=G:/GitHub/kbengine/kbe/res/;G:/GitHub/kbengine/newgame-assets/;G:/GitHub/kbengine/newgame-assets/scripts/;G:/GitHub/kbengine/newgame-assets/res/
  INFO root [2018-01-30 20:52:27,636] - Resmgr::initialize: KBE_BIN_PATH=G:/GitHub/kbengine/kbe/bin/server/
  INFO root [2018-01-30 20:52:27,703] - NetworkInterface::initialize(INTERNAL): bound to all interfaces with default route interface on 192.168.1.133 ( 192.168.1.133:30099 )
  INFO root [2018-01-30 20:52:27,703] - NetworkInterface::initialize(INTERNAL): address 192.168.1.133:30099, SOMAXCONN=5.
  INFO root [2018-01-30 20:52:27,717] - ---- interfaces Version: 1.1.0. ScriptVersion: 0.1.0. Protocol: 1ABB6125D8365C3720079E1D4CCC25C7. Config: Debug X86. Built: 23:59:41 Dec  1 2017. AppID: 3000. UID: 1. PID: 14124 ----
  INFO root [2018-01-30 20:52:27,732] - Server : Intel(R) Core(TM) i5-4210H CPU @ 2.90GHz with 2097151kB RAM
  INFO root [2018-01-30 20:52:27,733] - ThreadPool::createThreadPool: creating  threadpool...
  INFO root [2018-01-30 20:52:27,734] - ThreadPool::createThreadPool: successfully(2), newThreadCount=1, normalMaxThreadCount=2, maxThreadCount=8
 DEBUG root [2018-01-30 20:52:27,965] - Script::install_py_dlls(): PyInit_pyexpat
 DEBUG root [2018-01-30 20:52:27,966] - Script::install_py_dlls(): PyInit__socket
 DEBUG root [2018-01-30 20:52:27,967] - Script::install_py_dlls(): PyInit__ssl
 DEBUG root [2018-01-30 20:52:27,979] - Script::install_py_dlls(): PyInit__hashlib
 DEBUG root [2018-01-30 20:52:27,980] - Script::install_py_dlls(): PyInit_select
 DEBUG root [2018-01-30 20:52:27,980] - Script::install_py_dlls(): PyInit__ctypes
 DEBUG root [2018-01-30 20:52:27,981] - Script::install_py_dlls(): PyInit__elementtree
 DEBUG root [2018-01-30 20:52:28,068] - Script::install_py_dlls(): PyInit_unicodedata
  INFO root [2018-01-30 20:52:28,151] - Script::install(): is successfully, Python=(3.4.2 (default, Dec  1 2017, 23:59:35) [MSC v.1900 32 bit (Intel)])!
  INFO root [2018-01-30 20:52:28,151] - Script::install(): KBExtra is successfully!
S_INFO root [2018-01-30 20:52:28,174] - onInterfaceAppReady: bootstrapGroupIndex=0, bootstrapGlobalIndex=0
  INFO root [2018-01-30 20:52:28,188] - TelnetServer server is running on port 33000
  INFO root [2018-01-30 20:52:28,803] - ---- interfaces is running ----
 DEBUG root [2018-01-30 20:52:28,803] - Components::process(): Request for the process of identity...
  INFO root [2018-01-30 20:52:36,035] - Components::process(): Found all the components!
  WARN root [2018-01-30 20:53:01,852] - TCPPacketReceiver::processPendingEvents(127.0.0.1:52497): Throwing REASON_GENERAL_NETWORK - WSAECONNRESET
  INFO root [2018-01-30 20:53:05,107] - 
  INFO root [2018-01-30 20:53:05,160] - -----------------------------------------------------------------------------------------


  INFO root [2018-01-30 20:53:05,171] - Resmgr::initialize: KBE_ROOT=G:/GitHub/kbengine/
  INFO root [2018-01-30 20:53:05,171] - Resmgr::initialize: KBE_RES_PATH=G:/GitHub/kbengine/kbe/res/;G:/GitHub/kbengine/newgame-assets/;G:/GitHub/kbengine/newgame-assets/scripts/;G:/GitHub/kbengine/newgame-assets/res/
  INFO root [2018-01-30 20:53:05,171] - Resmgr::initialize: KBE_BIN_PATH=G:/GitHub/kbengine/kbe/bin/server/
  INFO root [2018-01-30 20:53:05,268] - NetworkInterface::initialize(INTERNAL): bound to all interfaces with default route interface on 192.168.1.133 ( 192.168.1.133:30099 )
  INFO root [2018-01-30 20:53:05,268] - NetworkInterface::initialize(INTERNAL): address 192.168.1.133:30099, SOMAXCONN=5.
  INFO root [2018-01-30 20:53:05,276] - ---- interfaces Version: 1.1.0. ScriptVersion: 0.1.0. Protocol: 1ABB6125D8365C3720079E1D4CCC25C7. Config: Debug X86. Built: 23:59:41 Dec  1 2017. AppID: 3000. UID: 1. PID: 5288 ----
  INFO root [2018-01-30 20:53:05,277] - Server : Intel(R) Core(TM) i5-4210H CPU @ 2.90GHz with 2097151kB RAM
  INFO root [2018-01-30 20:53:05,278] - ThreadPool::createThreadPool: creating  threadpool...
  INFO root [2018-01-30 20:53:05,278] - ThreadPool::createThreadPool: successfully(2), newThreadCount=1, normalMaxThreadCount=2, maxThreadCount=8
 DEBUG root [2018-01-30 20:53:05,441] - Script::install_py_dlls(): PyInit_pyexpat
 DEBUG root [2018-01-30 20:53:05,441] - Script::install_py_dlls(): PyInit__socket
 DEBUG root [2018-01-30 20:53:05,442] - Script::install_py_dlls(): PyInit__ssl
 DEBUG root [2018-01-30 20:53:05,447] - Script::install_py_dlls(): PyInit__hashlib
 DEBUG root [2018-01-30 20:53:05,447] - Script::install_py_dlls(): PyInit_select
 DEBUG root [2018-01-30 20:53:05,448] - Script::install_py_dlls(): PyInit__ctypes
 DEBUG root [2018-01-30 20:53:05,449] - Script::install_py_dlls(): PyInit__elementtree
 DEBUG root [2018-01-30 20:53:05,495] - Script::install_py_dlls(): PyInit_unicodedata
  INFO root [2018-01-30 20:53:05,582] - Script::install(): is successfully, Python=(3.4.2 (default, Dec  1 2017, 23:59:35) [MSC v.1900 32 bit (Intel)])!
  INFO root [2018-01-30 20:53:05,582] - Script::install(): KBExtra is successfully!
S_INFO root [2018-01-30 20:53:05,596] - onInterfaceAppReady: bootstrapGroupIndex=0, bootstrapGlobalIndex=0
  INFO root [2018-01-30 20:53:05,610] - TelnetServer server is running on port 33000
  INFO root [2018-01-30 20:53:06,168] - ---- interfaces is running ----
 DEBUG root [2018-01-30 20:53:06,168] - Components::process(): Request for the process of identity...
  INFO root [2018-01-30 20:53:13,316] - Components::process(): Found all the components!
  WARN root [2018-01-30 20:53:37,825] - TCPPacketReceiver::processPendingEvents(127.0.0.1:52538): Throwing REASON_GENERAL_NETWORK - WSAECONNRESET
  INFO root [2018-01-30 20:53:41,014] - 
  INFO root [2018-01-30 20:53:41,016] - -----------------------------------------------------------------------------------------


  INFO root [2018-01-30 20:53:41,017] - Resmgr::initialize: KBE_ROOT=G:/GitHub/kbengine/
  INFO root [2018-01-30 20:53:41,017] - Resmgr::initialize: KBE_RES_PATH=G:/GitHub/kbengine/kbe/res/;G:/GitHub/kbengine/newgame-assets/;G:/GitHub/kbengine/newgame-assets/scripts/;G:/GitHub/kbengine/newgame-assets/res/
  INFO root [2018-01-30 20:53:41,017] - Resmgr::initialize: KBE_BIN_PATH=G:/GitHub/kbengine/kbe/bin/server/
  INFO root [2018-01-30 20:53:41,029] - NetworkInterface::initialize(INTERNAL): bound to all interfaces with default route interface on 192.168.1.133 ( 192.168.1.133:30099 )
  INFO root [2018-01-30 20:53:41,029] - NetworkInterface::initialize(INTERNAL): address 192.168.1.133:30099, SOMAXCONN=5.
  INFO root [2018-01-30 20:53:41,063] - ---- interfaces Version: 1.1.0. ScriptVersion: 0.1.0. Protocol: 1ABB6125D8365C3720079E1D4CCC25C7. Config: Debug X86. Built: 23:59:41 Dec  1 2017. AppID: 3000. UID: 1. PID: 11964 ----
  INFO root [2018-01-30 20:53:41,098] - Server : Intel(R) Core(TM) i5-4210H CPU @ 2.90GHz with 2097151kB RAM
  INFO root [2018-01-30 20:53:41,114] - ThreadPool::createThreadPool: creating  threadpool...
  INFO root [2018-01-30 20:53:41,117] - ThreadPool::createThreadPool: successfully(2), newThreadCount=1, normalMaxThreadCount=2, maxThreadCount=8
 DEBUG root [2018-01-30 20:53:41,293] - Script::install_py_dlls(): PyInit_pyexpat
 DEBUG root [2018-01-30 20:53:41,294] - Script::install_py_dlls(): PyInit__socket
 DEBUG root [2018-01-30 20:53:41,295] - Script::install_py_dlls(): PyInit__ssl
 DEBUG root [2018-01-30 20:53:41,303] - Script::install_py_dlls(): PyInit__hashlib
 DEBUG root [2018-01-30 20:53:41,303] - Script::install_py_dlls(): PyInit_select
 DEBUG root [2018-01-30 20:53:41,304] - Script::install_py_dlls(): PyInit__ctypes
 DEBUG root [2018-01-30 20:53:41,305] - Script::install_py_dlls(): PyInit__elementtree
 DEBUG root [2018-01-30 20:53:41,355] - Script::install_py_dlls(): PyInit_unicodedata
  INFO root [2018-01-30 20:53:41,420] - Script::install(): is successfully, Python=(3.4.2 (default, Dec  1 2017, 23:59:35) [MSC v.1900 32 bit (Intel)])!
  INFO root [2018-01-30 20:53:41,421] - Script::install(): KBExtra is successfully!
S_INFO root [2018-01-30 20:53:41,436] - onInterfaceAppReady: bootstrapGroupIndex=0, bootstrapGlobalIndex=0
  INFO root [2018-01-30 20:53:41,447] - TelnetServer server is running on port 33000
  INFO root [2018-01-30 20:53:42,130] - ---- interfaces is running ----
 DEBUG root [2018-01-30 20:53:42,132] - Components::process(): Request for the process of identity...
  INFO root [2018-01-30 20:53:49,376] - Components::process(): Found all the components!
S_INFO root [2018-01-30 20:54:03,616] - onRequestAccountLogin: registerName=a
S_INFO root [2018-01-30 20:54:15,535] - onRequestAccountLogin: registerName=b
S_INFO root [2018-01-30 20:57:16,675] - onRequestAccountLogin: registerName=a
S_INFO root [2018-01-30 21:11:41,815] - onRequestAccountLogin: registerName=a
S_INFO root [2018-01-30 21:12:11,555] - onRequestAccountLogin: registerName=a
S_INFO root [2018-01-30 21:15:02,635] - onRequestAccountLogin: registerName=a
S_INFO root [2018-01-30 21:18:40,315] - onRequestAccountLogin: registerName=a
S_INFO root [2018-01-30 21:21:38,075] - onRequestAccountLogin: registerName=a
S_INFO root [2018-01-30 21:22:01,135] - onRequestAccountLogin: registerName=b
  WARN root [2018-01-30 21:25:12,133] - TCPPacketReceiver::processPendingEvents(127.0.0.1:52577): Throwing REASON_GENERAL_NETWORK - WSAECONNRESET
  INFO root [2018-01-30 21:25:51,102] - 
  INFO root [2018-01-30 21:25:51,104] - -----------------------------------------------------------------------------------------


  INFO root [2018-01-30 21:25:51,106] - Resmgr::initialize: KBE_ROOT=G:/GitHub/kbengine/
  INFO root [2018-01-30 21:25:51,106] - Resmgr::initialize: KBE_RES_PATH=G:/GitHub/kbengine/kbe/res/;G:/GitHub/kbengine/newgame-assets/;G:/GitHub/kbengine/newgame-assets/scripts/;G:/GitHub/kbengine/newgame-assets/res/
  INFO root [2018-01-30 21:25:51,106] - Resmgr::initialize: KBE_BIN_PATH=G:/GitHub/kbengine/kbe/bin/server/
  INFO root [2018-01-30 21:25:51,113] - NetworkInterface::initialize(INTERNAL): bound to all interfaces with default route interface on 192.168.1.133 ( 192.168.1.133:30099 )
  INFO root [2018-01-30 21:25:51,113] - NetworkInterface::initialize(INTERNAL): address 192.168.1.133:30099, SOMAXCONN=5.
  INFO root [2018-01-30 21:25:51,120] - ---- interfaces Version: 1.1.0. ScriptVersion: 0.1.0. Protocol: 1ABB6125D8365C3720079E1D4CCC25C7. Config: Debug X86. Built: 23:59:41 Dec  1 2017. AppID: 3000. UID: 1. PID: 12596 ----
  INFO root [2018-01-30 21:25:51,121] - Server : Intel(R) Core(TM) i5-4210H CPU @ 2.90GHz with 2097151kB RAM
  INFO root [2018-01-30 21:25:51,121] - ThreadPool::createThreadPool: creating  threadpool...
  INFO root [2018-01-30 21:25:51,121] - ThreadPool::createThreadPool: successfully(2), newThreadCount=1, normalMaxThreadCount=2, maxThreadCount=8
 DEBUG root [2018-01-30 21:25:51,261] - Script::install_py_dlls(): PyInit_pyexpat
 DEBUG root [2018-01-30 21:25:51,261] - Script::install_py_dlls(): PyInit__socket
 DEBUG root [2018-01-30 21:25:51,261] - Script::install_py_dlls(): PyInit__ssl
 DEBUG root [2018-01-30 21:25:51,265] - Script::install_py_dlls(): PyInit__hashlib
 DEBUG root [2018-01-30 21:25:51,266] - Script::install_py_dlls(): PyInit_select
 DEBUG root [2018-01-30 21:25:51,266] - Script::install_py_dlls(): PyInit__ctypes
 DEBUG root [2018-01-30 21:25:51,267] - Script::install_py_dlls(): PyInit__elementtree
 DEBUG root [2018-01-30 21:25:51,321] - Script::install_py_dlls(): PyInit_unicodedata
  INFO root [2018-01-30 21:25:51,362] - Script::install(): is successfully, Python=(3.4.2 (default, Dec  1 2017, 23:59:35) [MSC v.1900 32 bit (Intel)])!
  INFO root [2018-01-30 21:25:51,363] - Script::install(): KBExtra is successfully!
S_INFO root [2018-01-30 21:25:51,373] - onInterfaceAppReady: bootstrapGroupIndex=0, bootstrapGlobalIndex=0
  INFO root [2018-01-30 21:25:51,383] - TelnetServer server is running on port 33000
  INFO root [2018-01-30 21:25:51,886] - ---- interfaces is running ----
 DEBUG root [2018-01-30 21:25:51,886] - Components::process(): Request for the process of identity...
  INFO root [2018-01-30 21:25:59,033] - Components::process(): Found all the components!
S_INFO root [2018-01-30 21:26:13,254] - onRequestAccountLogin: registerName=a
S_INFO root [2018-01-30 21:26:46,473] - onRequestAccountLogin: registerName=b
  WARN root [2018-01-30 21:30:06,928] - TCPPacketReceiver::processPendingEvents(127.0.0.1:55522): Throwing REASON_GENERAL_NETWORK - WSAECONNRESET
