 WARNING    cellapp01 1 8001  [2018-01-29 00:02:05 029] - EntityApp::checkTickPeriod: tick took 225% (0.22 seconds)!
 WARNING    cellapp01 1 8001  [2018-01-29 00:02:05 070] - cellapp.cpp:260: Profile gameTick took 0.04 seconds
 WARNING    cellapp01 1 8001  [2018-01-29 00:02:05 151] - EntityApp::checkTickPeriod: tick took 610% (0.61 seconds)!
 WARNING    cellapp01 1 8001  [2018-01-29 00:02:05 204] - cellapp.cpp:260: Profile gameTick took 0.05 seconds
 WARNING    cellapp01 1 8001  [2018-01-29 00:02:05 238] - event_dispatcher.cpp:171: Profile callSystemTimers took 0.21 seconds
 WARNING    cellapp01 1 8001  [2018-01-29 00:02:05 243] - EntityApp::checkTickPeriod: tick took 460% (0.46 seconds)!
    INFO    cellapp01 1 8001  [2018-01-29 00:02:37 104] - EntityApp::createEntity: new Role 97
   S_DBG    cellapp01 1 8001  [2018-01-29 00:02:37 105] - Role::cell is created: 97
   S_DBG    cellapp01 1 8001  [2018-01-29 00:02:37 106] - MoveObj::onWitnessed: 15 isWitnessed=1.
   S_DBG    cellapp01 1 8001  [2018-01-29 00:02:37 108] - MoveObj::onWitnessed: 9 isWitnessed=1.
   S_DBG    cellapp01 1 8001  [2018-01-29 00:02:37 108] - MoveObj::onWitnessed: 13 isWitnessed=1.
   S_DBG    cellapp01 1 8001  [2018-01-29 00:02:37 108] - MoveObj::onWitnessed: 10 isWitnessed=1.
   S_DBG    cellapp01 1 8001  [2018-01-29 00:02:37 108] - MoveObj::onWitnessed: 12 isWitnessed=1.
   S_DBG    cellapp01 1 8001  [2018-01-29 00:02:37 108] - MoveObj::onWitnessed: 14 isWitnessed=1.
   S_DBG    cellapp01 1 8001  [2018-01-29 00:02:37 108] - MoveObj::onWitnessed: 6 isWitnessed=1.
   S_DBG    cellapp01 1 8001  [2018-01-29 00:02:37 109] - MoveObj::onWitnessed: 7 isWitnessed=1.
   S_DBG    cellapp01 1 8001  [2018-01-29 00:02:37 109] - MoveObj::onWitnessed: 11 isWitnessed=1.
   S_DBG    cellapp01 1 8001  [2018-01-29 00:02:37 109] - MoveObj::onWitnessed: 8 isWitnessed=1.
   S_DBG    cellapp01 1 8001  [2018-01-29 00:02:37 109] - MoveObj::onWitnessed: 16 isWitnessed=1.
   S_DBG    cellapp01 1 8001  [2018-01-29 00:02:37 109] - MoveObj::onWitnessed: 5 isWitnessed=1.
   S_DBG    cellapp01 1 8001  [2018-01-29 00:02:37 109] - Role::onGetWitness: 97.
   S_DBG    cellapp01 1 8001  [2018-01-29 00:02:39 664] - Role[97]::reqSyncAniState: {'run': 1, 'die': 0, 'atk': 0}
   S_DBG    cellapp01 1 8001  [2018-01-29 00:02:42 507] - Role[97]::reqSyncAniState: {'run': 0, 'die': 0, 'atk': 0}
   S_DBG    cellapp01 1 8001  [2018-01-29 00:02:44 104] - Role::onDestroy: 97.
   DEBUG    cellapp01 1 8001  [2018-01-29 00:02:44 106] - Role::~Role(): 97
   S_DBG    cellapp01 1 8001  [2018-01-29 00:02:59 106] - MoveObj::onWitnessed: 5 isWitnessed=0.
   S_DBG    cellapp01 1 8001  [2018-01-29 00:02:59 106] - MoveObj::onWitnessed: 6 isWitnessed=0.
   S_DBG    cellapp01 1 8001  [2018-01-29 00:02:59 106] - MoveObj::onWitnessed: 7 isWitnessed=0.
   S_DBG    cellapp01 1 8001  [2018-01-29 00:02:59 106] - MoveObj::onWitnessed: 8 isWitnessed=0.
   S_DBG    cellapp01 1 8001  [2018-01-29 00:02:59 106] - MoveObj::onWitnessed: 9 isWitnessed=0.
   S_DBG    cellapp01 1 8001  [2018-01-29 00:02:59 106] - MoveObj::onWitnessed: 10 isWitnessed=0.
   S_DBG    cellapp01 1 8001  [2018-01-29 00:02:59 107] - MoveObj::onWitnessed: 11 isWitnessed=0.
   S_DBG    cellapp01 1 8001  [2018-01-29 00:02:59 107] - MoveObj::onWitnessed: 12 isWitnessed=0.
   S_DBG    cellapp01 1 8001  [2018-01-29 00:02:59 107] - MoveObj::onWitnessed: 13 isWitnessed=0.
   S_DBG    cellapp01 1 8001  [2018-01-29 00:02:59 107] - MoveObj::onWitnessed: 14 isWitnessed=0.
   S_DBG    cellapp01 1 8001  [2018-01-29 00:02:59 107] - MoveObj::onWitnessed: 15 isWitnessed=0.
   S_DBG    cellapp01 1 8001  [2018-01-29 00:02:59 107] - MoveObj::onWitnessed: 16 isWitnessed=0.
   DEBUG    cellapp01 1 8001  [2018-01-29 00:02:59 107] - WitnessedTimeoutHandler::handleTimeout: witnesseds is empty, timer is canceled!
    INFO    cellapp-1 1 8001  [2018-01-29 13:20:58 139] - -----------------------------------------------------------------------------------------


    INFO    cellapp-1 1 8001  [2018-01-29 13:20:58 140] - Resmgr::initialize: KBE_ROOT=G:/GitHub/kbengine/
    INFO    cellapp-1 1 8001  [2018-01-29 13:20:58 140] - Resmgr::initialize: KBE_RES_PATH=G:/GitHub/kbengine/kbe/res/;G:/GitHub/kbengine/newgame-assets/;G:/GitHub/kbengine/newgame-assets/scripts/;G:/GitHub/kbengine/newgame-assets/res/
    INFO    cellapp-1 1 8001  [2018-01-29 13:20:58 141] - Resmgr::initialize: KBE_BIN_PATH=G:/GitHub/kbengine/kbe/bin/server/
    INFO    cellapp-1 1 8001  [2018-01-29 13:20:58 145] - NetworkInterface::initialize(INTERNAL): bound to all interfaces with default route interface on 10.82.25.163 ( 10.82.25.163:57434 )
    INFO    cellapp-1 1 8001  [2018-01-29 13:20:58 145] - NetworkInterface::initialize(INTERNAL): address 10.82.25.163:57434, SOMAXCONN=5.
    INFO    cellapp-1 1 8001  [2018-01-29 13:20:58 145] - server-configs:
    INFO    cellapp-1 1 8001  [2018-01-29 13:20:58 146] - 	gameUpdateHertz : 50
    INFO    cellapp-1 1 8001  [2018-01-29 13:20:58 146] - 	defaultAoIRadius : 80
    INFO    cellapp-1 1 8001  [2018-01-29 13:20:58 146] - 	defaultAoIHysteresisArea : 5
    INFO    cellapp-1 1 8001  [2018-01-29 13:20:58 146] - 	entryScriptFile : kbemain
    INFO    cellapp-1 1 8001  [2018-01-29 13:20:58 146] - 	internalAddr : 10.82.25.163:57434
    INFO    cellapp-1 1 8001  [2018-01-29 13:20:58 146] - 	componentID : 8001
    INFO    cellapp-1 1 8001  [2018-01-29 13:20:58 441] - Components::findLogger: found logger, addr:10.82.25.163:57418
    INFO    cellapp-1 1 8001  [2018-01-29 13:20:58 461] - Components::addComponent: reset orderLog, uid=1!
    INFO    cellapp-1 1 8001  [2018-01-29 13:20:58 462] - Components::addComponent[logger], uid=1, componentID=2000, globalorderid=1, grouporderid=1, totalcount=1
    INFO    cellapp-1 1 8001  [2018-01-29 13:20:58 743] - ---- cellapp Version: 1.1.0. ScriptVersion: 0.1.0. Protocol: D25B4E16028C33EB467B7BE2F3500426. Config: Debug X86. Built: 00:01:35 Dec  2 2017. AppID: 8001. UID: 1. PID: 11908 ----
    INFO    cellapp-1 1 8001  [2018-01-29 13:20:58 748] - Server : Intel(R) Core(TM) i5-4210H CPU @ 2.90GHz with 2097151kB RAM
    INFO    cellapp-1 1 8001  [2018-01-29 13:20:58 748] - ThreadPool::createThreadPool: creating  threadpool...
    INFO    cellapp-1 1 8001  [2018-01-29 13:20:58 749] - ThreadPool::createThreadPool: successfully(2), newThreadCount=1, normalMaxThreadCount=2, maxThreadCount=8
   DEBUG    cellapp-1 1 8001  [2018-01-29 13:20:58 883] - Script::install_py_dlls(): PyInit_pyexpat
   DEBUG    cellapp-1 1 8001  [2018-01-29 13:20:58 884] - Script::install_py_dlls(): PyInit__socket
   DEBUG    cellapp-1 1 8001  [2018-01-29 13:20:58 885] - Script::install_py_dlls(): PyInit__ssl
   DEBUG    cellapp-1 1 8001  [2018-01-29 13:20:58 889] - Script::install_py_dlls(): PyInit__hashlib
   DEBUG    cellapp-1 1 8001  [2018-01-29 13:20:58 889] - Script::install_py_dlls(): PyInit_select
   DEBUG    cellapp-1 1 8001  [2018-01-29 13:20:58 889] - Script::install_py_dlls(): PyInit__ctypes
   DEBUG    cellapp-1 1 8001  [2018-01-29 13:20:58 890] - Script::install_py_dlls(): PyInit__elementtree
   DEBUG    cellapp-1 1 8001  [2018-01-29 13:20:58 924] - Script::install_py_dlls(): PyInit_unicodedata
    INFO    cellapp-1 1 8001  [2018-01-29 13:20:58 958] - Script::install(): is successfully, Python=(3.4.2 (default, Dec  2 2017, 00:00:20) [MSC v.1900 32 bit (Intel)])!
    INFO    cellapp-1 1 8001  [2018-01-29 13:20:58 958] - Script::install(): KBExtra is successfully!
   DEBUG    cellapp-1 1 8001  [2018-01-29 13:20:59 058] - loaded script:MoveObj(2).
   DEBUG    cellapp-1 1 8001  [2018-01-29 13:20:59 099] - loaded script:Role(3).
   DEBUG    cellapp-1 1 8001  [2018-01-29 13:20:59 103] - loaded script:Arrow(5).
   DEBUG    cellapp-1 1 8001  [2018-01-29 13:20:59 105] - loaded script:Space(6).
   DEBUG    cellapp-1 1 8001  [2018-01-29 13:20:59 109] - loaded script:SpawnPoint(7).
    INFO    cellapp-1 1 8001  [2018-01-29 13:20:59 110] - TelnetServer server is running on port 50000
    INFO    cellapp-1 1 8001  [2018-01-29 13:21:00 037] - ---- cellapp is running ----
   DEBUG    cellapp-1 1 8001  [2018-01-29 13:21:00 038] - Components::process(): Request for the process of identity...
 WARNING    cellapp-1 1 8001  [2018-01-29 13:21:06 357] - EntityApp::checkTickPeriod: tick took 31600% (31.60 seconds)!
 WARNING    cellapp-1 1 8001  [2018-01-29 13:21:06 453] - cellapp.cpp:260: Profile gameTick took 0.10 seconds
 WARNING    cellapp-1 1 8001  [2018-01-29 13:21:06 453] - EntityApp::checkTickPeriod: tick took 475% (0.47 seconds)!
 WARNING    cellapp-1 1 8001  [2018-01-29 13:21:06 487] - event_dispatcher.cpp:171: Profile callSystemTimers took 0.20 seconds
    INFO    cellapp-1 1 8001  [2018-01-29 13:21:07 516] - Components::findComponents: find dbmgr(1)...
    INFO    cellapp-1 1 8001  [2018-01-29 13:21:07 584] - Components::findComponents: found dbmgr, addr:10.82.25.163:57424
    INFO    cellapp-1 1 8001  [2018-01-29 13:21:07 584] - Components::addComponent: reset orderLog, uid=1!
    INFO    cellapp-1 1 8001  [2018-01-29 13:21:07 584] - Components::addComponent[dbmgr], uid=1, componentID=4000, globalorderid=1, grouporderid=1, totalcount=1
    INFO    cellapp-1 1 8001  [2018-01-29 13:21:07 584] - Components::findComponents: found dbmgr, addr:10.82.25.163:57424
 WARNING    cellapp-1 1 8001  [2018-01-29 13:21:08 586] - EntityApp::checkTickPeriod: tick took 5445% (5.45 seconds)!
    INFO    cellapp-1 1 8001  [2018-01-29 13:21:09 596] - Components::findComponents: find cellappmgr(1)...
    INFO    cellapp-1 1 8001  [2018-01-29 13:21:09 608] - Components::findComponents: found cellappmgr, addr:10.82.25.163:57427
    INFO    cellapp-1 1 8001  [2018-01-29 13:21:09 608] - Components::addComponent[cellappmgr], uid=1, componentID=6000, globalorderid=2, grouporderid=1, totalcount=1
    INFO    cellapp-1 1 8001  [2018-01-29 13:21:09 609] - Components::findComponents: found cellappmgr, addr:10.82.25.163:57427
 WARNING    cellapp-1 1 8001  [2018-01-29 13:21:10 610] - EntityApp::checkTickPeriod: tick took 5165% (5.16 seconds)!
    INFO    cellapp-1 1 8001  [2018-01-29 13:21:11 617] - Components::findComponents: find baseappmgr(1)...
    INFO    cellapp-1 1 8001  [2018-01-29 13:21:11 638] - Components::findComponents: found baseappmgr, addr:10.82.25.163:57426
    INFO    cellapp-1 1 8001  [2018-01-29 13:21:11 639] - Components::addComponent[baseappmgr], uid=1, componentID=5000, globalorderid=3, grouporderid=1, totalcount=1
    INFO    cellapp-1 1 8001  [2018-01-29 13:21:11 640] - Components::findComponents: found baseappmgr, addr:10.82.25.163:57426
 WARNING    cellapp-1 1 8001  [2018-01-29 13:21:12 640] - EntityApp::checkTickPeriod: tick took 5215% (5.22 seconds)!
    INFO    cellapp-1 1 8001  [2018-01-29 13:21:13 657] - Components::findComponents: register self to dbmgr...
    INFO    cellapp-1 1 8001  [2018-01-29 13:21:13 677] - Components::findComponents: register self to cellappmgr...
    INFO    cellapp-1 1 8001  [2018-01-29 13:21:13 697] - Components::findComponents: register self to baseappmgr...
    INFO    cellapp-1 1 8001  [2018-01-29 13:21:13 716] - Components::process(): Found all the components!
    INFO    cellapp-1 1 8001  [2018-01-29 13:21:14 238] - ServerApp::onRegisterNewApp: uid:1, username:, componentType:baseapp, componentID:7001, globalorderID=5, grouporderID=1, intaddr:10.82.25.163, intport:57431, extaddr:10.82.25.163, extport:20015,  from 10.82.25.163:57424/0/0/0.
    INFO    cellapp-1 1 8001  [2018-01-29 13:21:14 238] - Components::addComponent[baseapp], uid=1, componentID=7001, globalorderid=5, grouporderid=1, totalcount=1
 WARNING    cellapp-1 1 8001  [2018-01-29 13:21:14 239] - G:\GitHub\kbengine\kbe\src\lib\server/entity_app.h:764: Profile processRecvMessages took 0.02 seconds
 WARNING    cellapp-1 1 8001  [2018-01-29 13:21:14 239] - cellapp.cpp:260: Profile gameTick took 0.02 seconds
 WARNING    cellapp-1 1 8001  [2018-01-29 13:21:14 240] - event_dispatcher.cpp:171: Profile callSystemTimers took 0.02 seconds
    INFO    cellapp-1 1 8001  [2018-01-29 13:21:17 270] - EntityApp::onDbmgrInitCompleted: entityID alloc(1-2001), startGlobalOrder=4, startGroupOrder=1, digest=57558DD95799B072F451BEFAE3F0B1A7.
    INFO    cellapp01 1 8001  [2018-01-29 13:21:17 270] - IDClient::onAddRange: number of ids increased from 1 to 2001.
   S_DBG    cellapp01 1 8001  [2018-01-29 13:21:18 505] - onInit::isReload:0
 WARNING    cellapp01 1 8001  [2018-01-29 13:21:18 505] - cellapp.cpp:788: Profile scriptCall took 0.02 seconds
 WARNING    cellapp01 1 8001  [2018-01-29 13:21:18 506] - G:\GitHub\kbengine\kbe\src\lib\server/entity_app.h:764: Profile processRecvMessages took 1.29 seconds
 WARNING    cellapp01 1 8001  [2018-01-29 13:21:18 506] - cellapp.cpp:260: Profile gameTick took 1.29 seconds
 WARNING    cellapp01 1 8001  [2018-01-29 13:21:18 506] - event_dispatcher.cpp:171: Profile callSystemTimers took 1.29 seconds
 WARNING    cellapp01 1 8001  [2018-01-29 13:21:18 507] - EntityApp::checkTickPeriod: tick took 6450% (6.45 seconds)!
   DEBUG    cellapp01 1 8001  [2018-01-29 13:21:18 525] - InitProgressHandler::~InitProgressHandler()
 WARNING    cellapp01 1 8001  [2018-01-29 13:21:19 361] - pickler.cpp:159: Profile unpickle took 0.03 seconds
   S_DBG    cellapp01 1 8001  [2018-01-29 13:21:19 374] - onGlobalData: Space
   DEBUG    cellapp01 1 8001  [2018-01-29 13:21:19 394] - Spaces::createNewSpace: new space(Space) 1.
    INFO    cellapp01 1 8001  [2018-01-29 13:21:19 437] - EntityApp::createEntity: new Space 2001
   S_DBG    cellapp01 1 8001  [2018-01-29 13:21:19 439] - Space::cell is created: 2001
    INFO    cellapp01 1 8001  [2018-01-29 13:21:19 439] - KBEngine::addSpaceGeometryMapping: spaceID=1, respath=spaces/newgame_space_data, shouldLoadOnServer=1!
 WARNING    cellapp01 1 8001  [2018-01-29 13:21:19 482] - g:\github\kbengine\kbe\src\server\cellapp\entity.h:75: Profile scriptCall took 0.04 seconds
 WARNING    cellapp01 1 8001  [2018-01-29 13:21:19 483] - G:\GitHub\kbengine\kbe\src\lib\server/entity_app.h:764: Profile processRecvMessages took 0.17 seconds
 WARNING    cellapp01 1 8001  [2018-01-29 13:21:19 484] - cellapp.cpp:260: Profile gameTick took 0.17 seconds
 WARNING    cellapp01 1 8001  [2018-01-29 13:21:19 484] - event_dispatcher.cpp:171: Profile callSystemTimers took 0.17 seconds
 WARNING    cellapp01 1 8001  [2018-01-29 13:21:19 484] - EntityApp::checkTickPeriod: tick took 835% (0.83 seconds)!
    INFO    cellapp01 1 8001  [2018-01-29 13:21:19 485] - KBEngine::onLoadedSpaceGeometryMapping: spaceID=1, respath=spaces/newgame_space_data!
    INFO    cellapp01 1 8001  [2018-01-29 13:21:27 197] - EntityApp::createEntity: new MoveObj 2005
   S_DBG    cellapp01 1 8001  [2018-01-29 13:21:27 197] - MoveObj::cell is created: 2005
    INFO    cellapp01 1 8001  [2018-01-29 13:21:27 197] - EntityApp::createEntity: new MoveObj 2006
   S_DBG    cellapp01 1 8001  [2018-01-29 13:21:27 198] - MoveObj::cell is created: 2006
    INFO    cellapp01 1 8001  [2018-01-29 13:21:27 198] - EntityApp::createEntity: new MoveObj 2007
   S_DBG    cellapp01 1 8001  [2018-01-29 13:21:27 200] - MoveObj::cell is created: 2007
    INFO    cellapp01 1 8001  [2018-01-29 13:21:27 200] - EntityApp::createEntity: new MoveObj 2008
   S_DBG    cellapp01 1 8001  [2018-01-29 13:21:27 200] - MoveObj::cell is created: 2008
    INFO    cellapp01 1 8001  [2018-01-29 13:21:27 201] - EntityApp::createEntity: new MoveObj 2009
   S_DBG    cellapp01 1 8001  [2018-01-29 13:21:27 201] - MoveObj::cell is created: 2009
    INFO    cellapp01 1 8001  [2018-01-29 13:21:27 201] - EntityApp::createEntity: new MoveObj 2010
   S_DBG    cellapp01 1 8001  [2018-01-29 13:21:27 201] - MoveObj::cell is created: 2010
    INFO    cellapp01 1 8001  [2018-01-29 13:21:27 202] - EntityApp::createEntity: new MoveObj 2011
   S_DBG    cellapp01 1 8001  [2018-01-29 13:21:27 202] - MoveObj::cell is created: 2011
    INFO    cellapp01 1 8001  [2018-01-29 13:21:27 202] - EntityApp::createEntity: new MoveObj 2012
   S_DBG    cellapp01 1 8001  [2018-01-29 13:21:27 202] - MoveObj::cell is created: 2012
    INFO    cellapp01 1 8001  [2018-01-29 13:21:27 202] - EntityApp::createEntity: new MoveObj 2013
   S_DBG    cellapp01 1 8001  [2018-01-29 13:21:27 203] - MoveObj::cell is created: 2013
    INFO    cellapp01 1 8001  [2018-01-29 13:21:27 203] - EntityApp::createEntity: new MoveObj 2014
   S_DBG    cellapp01 1 8001  [2018-01-29 13:21:27 203] - MoveObj::cell is created: 2014
    INFO    cellapp01 1 8001  [2018-01-29 13:21:27 203] - EntityApp::createEntity: new MoveObj 2015
   S_DBG    cellapp01 1 8001  [2018-01-29 13:21:27 204] - MoveObj::cell is created: 2015
    INFO    cellapp01 1 8001  [2018-01-29 13:21:27 204] - EntityApp::createEntity: new MoveObj 2016
   S_DBG    cellapp01 1 8001  [2018-01-29 13:21:27 204] - MoveObj::cell is created: 2016
    INFO    cellapp01 1 8001  [2018-01-29 13:21:27 206] - EntityApp::createEntity: new Role 2003
   S_DBG    cellapp01 1 8001  [2018-01-29 13:21:27 245] - Role::cell is created: 2003
   S_DBG    cellapp01 1 8001  [2018-01-29 13:21:27 266] - MoveObj::onWitnessed: 2010 isWitnessed=1.
   S_DBG    cellapp01 1 8001  [2018-01-29 13:21:27 266] - MoveObj::onWitnessed: 2012 isWitnessed=1.
   S_DBG    cellapp01 1 8001  [2018-01-29 13:21:27 266] - MoveObj::onWitnessed: 2006 isWitnessed=1.
   S_DBG    cellapp01 1 8001  [2018-01-29 13:21:27 267] - MoveObj::onWitnessed: 2014 isWitnessed=1.
   S_DBG    cellapp01 1 8001  [2018-01-29 13:21:27 267] - MoveObj::onWitnessed: 2007 isWitnessed=1.
   S_DBG    cellapp01 1 8001  [2018-01-29 13:21:27 267] - MoveObj::onWitnessed: 2008 isWitnessed=1.
   S_DBG    cellapp01 1 8001  [2018-01-29 13:21:27 267] - MoveObj::onWitnessed: 2016 isWitnessed=1.
   S_DBG    cellapp01 1 8001  [2018-01-29 13:21:27 267] - MoveObj::onWitnessed: 2011 isWitnessed=1.
   S_DBG    cellapp01 1 8001  [2018-01-29 13:21:27 267] - MoveObj::onWitnessed: 2013 isWitnessed=1.
   S_DBG    cellapp01 1 8001  [2018-01-29 13:21:27 267] - MoveObj::onWitnessed: 2009 isWitnessed=1.
   S_DBG    cellapp01 1 8001  [2018-01-29 13:21:27 267] - MoveObj::onWitnessed: 2015 isWitnessed=1.
   S_DBG    cellapp01 1 8001  [2018-01-29 13:21:27 268] - MoveObj::onWitnessed: 2005 isWitnessed=1.
   S_DBG    cellapp01 1 8001  [2018-01-29 13:21:27 268] - Role::onGetWitness: 2003.
 WARNING    cellapp01 1 8001  [2018-01-29 13:21:27 268] - G:\GitHub\kbengine\kbe\src\lib\server/entity_app.h:764: Profile processRecvMessages took 0.07 seconds
 WARNING    cellapp01 1 8001  [2018-01-29 13:21:27 271] - cellapp.cpp:260: Profile gameTick took 0.07 seconds
 WARNING    cellapp01 1 8001  [2018-01-29 13:21:27 271] - event_dispatcher.cpp:171: Profile callSystemTimers took 0.07 seconds
 WARNING    cellapp01 1 8001  [2018-01-29 13:21:27 271] - EntityApp::checkTickPeriod: tick took 370% (0.37 seconds)!
 WARNING    cellapp01 1 8001  [2018-01-29 13:21:28 220] - entity.cpp:4057: Profile onTimer took 0.02 seconds
 WARNING    cellapp01 1 8001  [2018-01-29 13:21:28 221] - serverapp.cpp:271: Profile callScriptTimers took 0.02 seconds
 WARNING    cellapp01 1 8001  [2018-01-29 13:21:28 221] - cellapp.cpp:260: Profile gameTick took 0.02 seconds
 WARNING    cellapp01 1 8001  [2018-01-29 13:21:28 221] - event_dispatcher.cpp:171: Profile callSystemTimers took 0.02 seconds
   S_DBG    cellapp01 1 8001  [2018-01-29 13:21:29 718] - Role[2003]::reqSyncAniState: {'atk': 0, 'die': 0, 'run': 1}
 WARNING    cellapp01 1 8001  [2018-01-29 13:21:29 752] - entity.cpp:931: Profile scriptCall took 0.03 seconds
 WARNING    cellapp01 1 8001  [2018-01-29 13:21:29 753] - G:\GitHub\kbengine\kbe\src\lib\server/entity_app.h:764: Profile processRecvMessages took 0.04 seconds
 WARNING    cellapp01 1 8001  [2018-01-29 13:21:29 753] - cellapp.cpp:260: Profile gameTick took 0.04 seconds
 WARNING    cellapp01 1 8001  [2018-01-29 13:21:29 753] - event_dispatcher.cpp:171: Profile callSystemTimers took 0.04 seconds
   S_DBG    cellapp01 1 8001  [2018-01-29 13:21:31 437] - Role[2003]::reqSyncAniState: {'atk': 0, 'die': 0, 'run': 0}
   S_DBG    cellapp01 1 8001  [2018-01-29 13:21:31 597] - Role[2003]::reqSyncAniState: {'atk': 0, 'die': 0, 'run': 1}
   S_DBG    cellapp01 1 8001  [2018-01-29 13:21:32 161] - Role[2003].reqBeCure: cureType =0.000000, hp=250.000000
 WARNING    cellapp01 1 8001  [2018-01-29 13:21:32 161] - entity.cpp:931: Profile scriptCall took 0.06 seconds
 WARNING    cellapp01 1 8001  [2018-01-29 13:21:32 161] - G:\GitHub\kbengine\kbe\src\lib\server/entity_app.h:764: Profile processRecvMessages took 0.06 seconds
 WARNING    cellapp01 1 8001  [2018-01-29 13:21:32 161] - cellapp.cpp:260: Profile gameTick took 0.06 seconds
 WARNING    cellapp01 1 8001  [2018-01-29 13:21:32 162] - event_dispatcher.cpp:171: Profile callSystemTimers took 0.06 seconds
 WARNING    cellapp01 1 8001  [2018-01-29 13:21:32 162] - EntityApp::checkTickPeriod: tick took 320% (0.32 seconds)!
   S_DBG    cellapp01 1 8001  [2018-01-29 13:21:35 117] - Role[2003]::reqSyncAniState: {'atk': 0, 'die': 0, 'run': 0}
    INFO    cellapp01 1 8001  [2018-01-29 13:21:49 457] - EntityApp::createEntity: new Role 2018
   S_DBG    cellapp01 1 8001  [2018-01-29 13:21:49 458] - Role::cell is created: 2018
   S_DBG    cellapp01 1 8001  [2018-01-29 13:21:49 458] - Role::onWitnessed: 2018 isWitnessed=1.
   S_DBG    cellapp01 1 8001  [2018-01-29 13:21:49 459] - Role::onWitnessed: 2003 isWitnessed=1.
   S_DBG    cellapp01 1 8001  [2018-01-29 13:21:49 459] - Role::onGetWitness: 2018.
   S_DBG    cellapp01 1 8001  [2018-01-29 13:21:50 517] - Role[2018]::reqSyncAniState: {'atk': 0, 'die': 0, 'run': 1}
   S_DBG    cellapp01 1 8001  [2018-01-29 13:21:54 078] - Role[2018].reqBeCure: cureType =0.000000, hp=250.000000
   S_DBG    cellapp01 1 8001  [2018-01-29 13:21:56 457] - Role[2018]::reqSyncAniState: {'atk': 0, 'die': 0, 'run': 0}
   S_DBG    cellapp01 1 8001  [2018-01-29 13:22:08 300] - Role::onDestroy: 2003.
   DEBUG    cellapp01 1 8001  [2018-01-29 13:22:08 304] - Role::~Role(): 2003
 WARNING    cellapp01 1 8001  [2018-01-29 13:22:08 359] - cellapp.cpp:260: Profile gameTick took 0.06 seconds
 WARNING    cellapp01 1 8001  [2018-01-29 13:22:08 360] - event_dispatcher.cpp:171: Profile callSystemTimers took 0.06 seconds
 WARNING    cellapp01 1 8001  [2018-01-29 13:22:08 360] - EntityApp::checkTickPeriod: tick took 315% (0.31 seconds)!
   S_DBG    cellapp01 1 8001  [2018-01-29 13:22:09 320] - Role::onDestroy: 2018.
   DEBUG    cellapp01 1 8001  [2018-01-29 13:22:09 321] - Role::~Role(): 2018
   S_DBG    cellapp01 1 8001  [2018-01-29 13:22:23 311] - MoveObj::onWitnessed: 2005 isWitnessed=0.
   S_DBG    cellapp01 1 8001  [2018-01-29 13:22:23 312] - MoveObj::onWitnessed: 2006 isWitnessed=0.
   S_DBG    cellapp01 1 8001  [2018-01-29 13:22:23 312] - MoveObj::onWitnessed: 2007 isWitnessed=0.
   S_DBG    cellapp01 1 8001  [2018-01-29 13:22:23 312] - MoveObj::onWitnessed: 2008 isWitnessed=0.
   S_DBG    cellapp01 1 8001  [2018-01-29 13:22:23 312] - MoveObj::onWitnessed: 2009 isWitnessed=0.
   S_DBG    cellapp01 1 8001  [2018-01-29 13:22:23 312] - MoveObj::onWitnessed: 2010 isWitnessed=0.
   S_DBG    cellapp01 1 8001  [2018-01-29 13:22:23 312] - MoveObj::onWitnessed: 2011 isWitnessed=0.
   S_DBG    cellapp01 1 8001  [2018-01-29 13:22:23 313] - MoveObj::onWitnessed: 2012 isWitnessed=0.
   S_DBG    cellapp01 1 8001  [2018-01-29 13:22:23 313] - MoveObj::onWitnessed: 2013 isWitnessed=0.
   S_DBG    cellapp01 1 8001  [2018-01-29 13:22:23 313] - MoveObj::onWitnessed: 2014 isWitnessed=0.
   S_DBG    cellapp01 1 8001  [2018-01-29 13:22:23 313] - MoveObj::onWitnessed: 2015 isWitnessed=0.
   S_DBG    cellapp01 1 8001  [2018-01-29 13:22:23 313] - MoveObj::onWitnessed: 2016 isWitnessed=0.
   DEBUG    cellapp01 1 8001  [2018-01-29 13:22:23 314] - WitnessedTimeoutHandler::handleTimeout: witnesseds is empty, timer is canceled!
    INFO    cellapp01 1 8001  [2018-01-29 13:22:46 957] - EntityApp::createEntity: new Role 2021
   S_DBG    cellapp01 1 8001  [2018-01-29 13:22:46 957] - Role::cell is created: 2021
   S_DBG    cellapp01 1 8001  [2018-01-29 13:22:46 958] - MoveObj::onWitnessed: 2009 isWitnessed=1.
   S_DBG    cellapp01 1 8001  [2018-01-29 13:22:46 958] - MoveObj::onWitnessed: 2013 isWitnessed=1.
   S_DBG    cellapp01 1 8001  [2018-01-29 13:22:46 958] - MoveObj::onWitnessed: 2010 isWitnessed=1.
   S_DBG    cellapp01 1 8001  [2018-01-29 13:22:46 958] - MoveObj::onWitnessed: 2012 isWitnessed=1.
   S_DBG    cellapp01 1 8001  [2018-01-29 13:22:46 958] - MoveObj::onWitnessed: 2006 isWitnessed=1.
   S_DBG    cellapp01 1 8001  [2018-01-29 13:22:46 958] - MoveObj::onWitnessed: 2014 isWitnessed=1.
   S_DBG    cellapp01 1 8001  [2018-01-29 13:22:46 958] - MoveObj::onWitnessed: 2007 isWitnessed=1.
   S_DBG    cellapp01 1 8001  [2018-01-29 13:22:46 958] - MoveObj::onWitnessed: 2008 isWitnessed=1.
   S_DBG    cellapp01 1 8001  [2018-01-29 13:22:46 959] - MoveObj::onWitnessed: 2016 isWitnessed=1.
   S_DBG    cellapp01 1 8001  [2018-01-29 13:22:46 959] - MoveObj::onWitnessed: 2011 isWitnessed=1.
   S_DBG    cellapp01 1 8001  [2018-01-29 13:22:46 959] - MoveObj::onWitnessed: 2015 isWitnessed=1.
   S_DBG    cellapp01 1 8001  [2018-01-29 13:22:46 959] - MoveObj::onWitnessed: 2005 isWitnessed=1.
   S_DBG    cellapp01 1 8001  [2018-01-29 13:22:46 959] - Role::onGetWitness: 2021.
   S_DBG    cellapp01 1 8001  [2018-01-29 13:22:48 358] - Role[2021]::reqSyncAniState: {'atk': 0, 'die': 0, 'run': 1}
   S_DBG    cellapp01 1 8001  [2018-01-29 13:22:51 758] - Role[2021]::reqSyncAniState: {'atk': 0, 'die': 0, 'run': 0}
   S_DBG    cellapp01 1 8001  [2018-01-29 13:22:55 557] - Role[2021]::reqSyncAniState: {'atk': 0, 'die': 0, 'run': 1}
   S_DBG    cellapp01 1 8001  [2018-01-29 13:22:58 477] - Role[2021].reqBeCure: cureType =0.000000, hp=250.000000
   S_DBG    cellapp01 1 8001  [2018-01-29 13:22:58 597] - Role[2021]::reqSyncAniState: {'atk': 0, 'die': 0, 'run': 0}
   S_DBG    cellapp01 1 8001  [2018-01-29 13:23:02 578] - Role::onDestroy: 2021.
   DEBUG    cellapp01 1 8001  [2018-01-29 13:23:02 579] - Role::~Role(): 2021
   S_DBG    cellapp01 1 8001  [2018-01-29 13:23:17 579] - MoveObj::onWitnessed: 2005 isWitnessed=0.
   S_DBG    cellapp01 1 8001  [2018-01-29 13:23:17 579] - MoveObj::onWitnessed: 2006 isWitnessed=0.
   S_DBG    cellapp01 1 8001  [2018-01-29 13:23:17 579] - MoveObj::onWitnessed: 2007 isWitnessed=0.
   S_DBG    cellapp01 1 8001  [2018-01-29 13:23:17 579] - MoveObj::onWitnessed: 2008 isWitnessed=0.
   S_DBG    cellapp01 1 8001  [2018-01-29 13:23:17 579] - MoveObj::onWitnessed: 2009 isWitnessed=0.
   S_DBG    cellapp01 1 8001  [2018-01-29 13:23:17 579] - MoveObj::onWitnessed: 2010 isWitnessed=0.
   S_DBG    cellapp01 1 8001  [2018-01-29 13:23:17 580] - MoveObj::onWitnessed: 2011 isWitnessed=0.
   S_DBG    cellapp01 1 8001  [2018-01-29 13:23:17 580] - MoveObj::onWitnessed: 2012 isWitnessed=0.
   S_DBG    cellapp01 1 8001  [2018-01-29 13:23:17 580] - MoveObj::onWitnessed: 2013 isWitnessed=0.
   S_DBG    cellapp01 1 8001  [2018-01-29 13:23:17 580] - MoveObj::onWitnessed: 2014 isWitnessed=0.
   S_DBG    cellapp01 1 8001  [2018-01-29 13:23:17 580] - MoveObj::onWitnessed: 2015 isWitnessed=0.
   S_DBG    cellapp01 1 8001  [2018-01-29 13:23:17 580] - MoveObj::onWitnessed: 2016 isWitnessed=0.
   DEBUG    cellapp01 1 8001  [2018-01-29 13:23:17 580] - WitnessedTimeoutHandler::handleTimeout: witnesseds is empty, timer is canceled!
    INFO    cellapp01 1 8001  [2018-01-29 13:24:35 198] - EntityApp::createEntity: new Role 2024
   S_DBG    cellapp01 1 8001  [2018-01-29 13:24:35 198] - Role::cell is created: 2024
   S_DBG    cellapp01 1 8001  [2018-01-29 13:24:35 199] - MoveObj::onWitnessed: 2009 isWitnessed=1.
   S_DBG    cellapp01 1 8001  [2018-01-29 13:24:35 199] - MoveObj::onWitnessed: 2013 isWitnessed=1.
   S_DBG    cellapp01 1 8001  [2018-01-29 13:24:35 199] - MoveObj::onWitnessed: 2010 isWitnessed=1.
   S_DBG    cellapp01 1 8001  [2018-01-29 13:24:35 199] - MoveObj::onWitnessed: 2012 isWitnessed=1.
   S_DBG    cellapp01 1 8001  [2018-01-29 13:24:35 199] - MoveObj::onWitnessed: 2006 isWitnessed=1.
   S_DBG    cellapp01 1 8001  [2018-01-29 13:24:35 199] - MoveObj::onWitnessed: 2014 isWitnessed=1.
   S_DBG    cellapp01 1 8001  [2018-01-29 13:24:35 199] - MoveObj::onWitnessed: 2007 isWitnessed=1.
   S_DBG    cellapp01 1 8001  [2018-01-29 13:24:35 199] - MoveObj::onWitnessed: 2008 isWitnessed=1.
   S_DBG    cellapp01 1 8001  [2018-01-29 13:24:35 200] - MoveObj::onWitnessed: 2016 isWitnessed=1.
   S_DBG    cellapp01 1 8001  [2018-01-29 13:24:35 200] - MoveObj::onWitnessed: 2011 isWitnessed=1.
   S_DBG    cellapp01 1 8001  [2018-01-29 13:24:35 200] - MoveObj::onWitnessed: 2015 isWitnessed=1.
   S_DBG    cellapp01 1 8001  [2018-01-29 13:24:35 200] - MoveObj::onWitnessed: 2005 isWitnessed=1.
   S_DBG    cellapp01 1 8001  [2018-01-29 13:24:35 200] - Role::onGetWitness: 2024.
    INFO    cellapp01 1 8001  [2018-01-29 13:24:49 617] - EntityApp::createEntity: new Role 2027
   S_DBG    cellapp01 1 8001  [2018-01-29 13:24:49 617] - Role::cell is created: 2027
   S_DBG    cellapp01 1 8001  [2018-01-29 13:24:49 618] - Role::onWitnessed: 2027 isWitnessed=1.
   S_DBG    cellapp01 1 8001  [2018-01-29 13:24:49 618] - Role::onWitnessed: 2024 isWitnessed=1.
   S_DBG    cellapp01 1 8001  [2018-01-29 13:24:49 618] - Role::onGetWitness: 2027.
   S_DBG    cellapp01 1 8001  [2018-01-29 13:24:50 978] - Role[2027]::reqSyncAniState: {'atk': 0, 'die': 0, 'run': 1}
   S_DBG    cellapp01 1 8001  [2018-01-29 13:24:53 960] - Role[2027]::reqSyncAniState: {'atk': 0, 'die': 0, 'run': 0}
   S_DBG    cellapp01 1 8001  [2018-01-29 13:24:53 977] - Role[2027]::reqSyncAniState: {'atk': 0, 'die': 0, 'run': 1}
   S_DBG    cellapp01 1 8001  [2018-01-29 13:25:00 642] - Role[2027]::reqSyncAniState: {'atk': 0, 'die': 0, 'run': 0}
   S_DBG    cellapp01 1 8001  [2018-01-29 13:25:02 657] - Role[2027]::reqSyncAniState: {'atk': 0, 'die': 0, 'run': 1}
   S_DBG    cellapp01 1 8001  [2018-01-29 13:25:03 257] - Role[2027]::reqSyncAniState: {'atk': 0, 'die': 0, 'run': 0}
   S_DBG    cellapp01 1 8001  [2018-01-29 13:25:03 277] - Role[2027]::reqSyncAniState: {'atk': 0, 'die': 0, 'run': 1}
   S_DBG    cellapp01 1 8001  [2018-01-29 13:25:03 741] - Role[2027].reqBeCure: cureType =0.000000, hp=250.000000
   S_DBG    cellapp01 1 8001  [2018-01-29 13:25:06 358] - Role[2027]::reqSyncAniState: {'atk': 0, 'die': 0, 'run': 0}
   S_DBG    cellapp01 1 8001  [2018-01-29 13:25:06 657] - Role[2027]::reqSyncAniState: {'atk': 0, 'die': 0, 'run': 1}
   S_DBG    cellapp01 1 8001  [2018-01-29 13:25:07 339] - Role[2027]::reqSyncAniState: {'atk': 0, 'die': 0, 'run': 0}
   S_DBG    cellapp01 1 8001  [2018-01-29 13:25:07 439] - Role[2027]::reqSyncAniState: {'atk': 0, 'die': 0, 'run': 1}
   S_DBG    cellapp01 1 8001  [2018-01-29 13:25:08 157] - Role[2027]::reqSyncAniState: {'atk': 0, 'die': 0, 'run': 0}
   S_DBG    cellapp01 1 8001  [2018-01-29 13:25:08 177] - Role[2027]::reqSyncAniState: {'atk': 0, 'die': 0, 'run': 1}
   S_DBG    cellapp01 1 8001  [2018-01-29 13:25:08 577] - Role[2027]::reqSyncAniState: {'atk': 1, 'die': 0, 'run': 1}
   S_DBG    cellapp01 1 8001  [2018-01-29 13:25:08 838] - Role[2027]::reqSyncAniState: {'atk': 1, 'die': 0, 'run': 0}
    INFO    cellapp01 1 8001  [2018-01-29 13:25:09 017] - EntityApp::createEntity: new Arrow 2029
   S_DBG    cellapp01 1 8001  [2018-01-29 13:25:09 021] - Arrow::cell is created: 2029
   S_DBG    cellapp01 1 8001  [2018-01-29 13:25:09 021] - Arrow::onWitnessed: 2029 isWitnessed=1.
   S_DBG    cellapp01 1 8001  [2018-01-29 13:25:09 039] - Role[2027]::reqSyncAniState: {'atk': 0, 'die': 0, 'run': 0}
   S_DBG    cellapp01 1 8001  [2018-01-29 13:25:09 157] - Role[2027].reqActiveArrows: timestamp =1517203509.005036
   S_DBG    cellapp01 1 8001  [2018-01-29 13:25:09 322] - Role[2024].reqBeAttack: attackType =2.000000, damage=300.000000
   S_DBG    cellapp01 1 8001  [2018-01-29 13:25:09 322] - Arrow::reqDestroySelf: 2029
   S_DBG    cellapp01 1 8001  [2018-01-29 13:25:09 517] - Arrow::onTimer: 2029, tid:2, arg:1
   S_DBG    cellapp01 1 8001  [2018-01-29 13:25:09 518] - Arrow::onDestroy: 2029.
   S_DBG    cellapp01 1 8001  [2018-01-29 13:25:09 521] - Arrow::destroy: 2029
   DEBUG    cellapp01 1 8001  [2018-01-29 13:25:09 522] - Arrow::~Arrow(): 2029
 WARNING    cellapp01 1 8001  [2018-01-29 13:25:09 556] - Cellapp::onRemoteCallMethodFromClient: not found entityID:2029, srcEntityID:2024.
   S_DBG    cellapp01 1 8001  [2018-01-29 13:25:10 098] - Role[2027]::reqSyncAniState: {'atk': 2, 'die': 0, 'run': 0}
    INFO    cellapp01 1 8001  [2018-01-29 13:25:10 537] - EntityApp::createEntity: new Arrow 2030
   S_DBG    cellapp01 1 8001  [2018-01-29 13:25:10 538] - Arrow::cell is created: 2030
   S_DBG    cellapp01 1 8001  [2018-01-29 13:25:10 538] - Arrow::onWitnessed: 2030 isWitnessed=1.
    INFO    cellapp01 1 8001  [2018-01-29 13:25:10 539] - EntityApp::createEntity: new Arrow 2031
   S_DBG    cellapp01 1 8001  [2018-01-29 13:25:10 539] - Arrow::cell is created: 2031
   S_DBG    cellapp01 1 8001  [2018-01-29 13:25:10 539] - Arrow::onWitnessed: 2031 isWitnessed=1.
    INFO    cellapp01 1 8001  [2018-01-29 13:25:10 540] - EntityApp::createEntity: new Arrow 2032
   S_DBG    cellapp01 1 8001  [2018-01-29 13:25:10 540] - Arrow::cell is created: 2032
   S_DBG    cellapp01 1 8001  [2018-01-29 13:25:10 540] - Arrow::onWitnessed: 2032 isWitnessed=1.
    INFO    cellapp01 1 8001  [2018-01-29 13:25:10 540] - EntityApp::createEntity: new Arrow 2033
   S_DBG    cellapp01 1 8001  [2018-01-29 13:25:10 540] - Arrow::cell is created: 2033
   S_DBG    cellapp01 1 8001  [2018-01-29 13:25:10 541] - Arrow::onWitnessed: 2033 isWitnessed=1.
    INFO    cellapp01 1 8001  [2018-01-29 13:25:10 541] - EntityApp::createEntity: new Arrow 2034
   S_DBG    cellapp01 1 8001  [2018-01-29 13:25:10 541] - Arrow::cell is created: 2034
   S_DBG    cellapp01 1 8001  [2018-01-29 13:25:10 541] - Arrow::onWitnessed: 2034 isWitnessed=1.
   S_DBG    cellapp01 1 8001  [2018-01-29 13:25:10 657] - Role[2027].reqActiveArrows: timestamp =1517203510.524017
   S_DBG    cellapp01 1 8001  [2018-01-29 13:25:10 677] - Role[2027]::reqSyncAniState: {'atk': 0, 'die': 0, 'run': 0}
   S_DBG    cellapp01 1 8001  [2018-01-29 13:25:10 839] - Role[2024].reqBeAttack: attackType =1.000000, damage=200.000000
   S_DBG    cellapp01 1 8001  [2018-01-29 13:25:10 839] - Arrow::reqDestroySelf: 2030
   S_DBG    cellapp01 1 8001  [2018-01-29 13:25:11 038] - Arrow::onTimer: 2030, tid:2, arg:1
   S_DBG    cellapp01 1 8001  [2018-01-29 13:25:11 038] - Arrow::onDestroy: 2030.
   S_DBG    cellapp01 1 8001  [2018-01-29 13:25:11 039] - Arrow::destroy: 2030
   DEBUG    cellapp01 1 8001  [2018-01-29 13:25:11 039] - Arrow::~Arrow(): 2030
 WARNING    cellapp01 1 8001  [2018-01-29 13:25:11 076] - Cellapp::onRemoteCallMethodFromClient: not found entityID:2030, srcEntityID:2024.
   S_DBG    cellapp01 1 8001  [2018-01-29 13:25:11 498] - Role[2027]::reqSyncAniState: {'atk': 0, 'die': 0, 'run': 1}
   S_DBG    cellapp01 1 8001  [2018-01-29 13:25:11 737] - Arrow::reqDestroySelf: 2031
   S_DBG    cellapp01 1 8001  [2018-01-29 13:25:11 937] - Arrow::onTimer: 2031, tid:2, arg:1
   S_DBG    cellapp01 1 8001  [2018-01-29 13:25:11 938] - Arrow::onDestroy: 2031.
   S_DBG    cellapp01 1 8001  [2018-01-29 13:25:11 941] - Arrow::destroy: 2031
   DEBUG    cellapp01 1 8001  [2018-01-29 13:25:11 941] - Arrow::~Arrow(): 2031
 WARNING    cellapp01 1 8001  [2018-01-29 13:25:11 976] - Cellapp::onRemoteCallMethodFromClient: not found entityID:2031, srcEntityID:2024.
   S_DBG    cellapp01 1 8001  [2018-01-29 13:25:12 320] - Role::onTimer: 2024, tid:2, arg:7
   S_DBG    cellapp01 1 8001  [2018-01-29 13:25:13 657] - Arrow::reqDestroySelf: 2032
   S_DBG    cellapp01 1 8001  [2018-01-29 13:25:13 657] - Arrow::reqDestroySelf: 2033
   S_DBG    cellapp01 1 8001  [2018-01-29 13:25:13 657] - Arrow::reqDestroySelf: 2034
   S_DBG    cellapp01 1 8001  [2018-01-29 13:25:13 737] - Arrow::onTimer: 2032, tid:1, arg:1
   S_DBG    cellapp01 1 8001  [2018-01-29 13:25:13 738] - Arrow::onDestroy: 2032.
   S_DBG    cellapp01 1 8001  [2018-01-29 13:25:13 738] - Arrow::destroy: 2032
   S_DBG    cellapp01 1 8001  [2018-01-29 13:25:13 738] - Arrow::onTimer: 2033, tid:1, arg:1
   S_DBG    cellapp01 1 8001  [2018-01-29 13:25:13 739] - Arrow::onDestroy: 2033.
   S_DBG    cellapp01 1 8001  [2018-01-29 13:25:13 739] - Arrow::destroy: 2033
   S_DBG    cellapp01 1 8001  [2018-01-29 13:25:13 740] - Arrow::onTimer: 2034, tid:1, arg:1
   S_DBG    cellapp01 1 8001  [2018-01-29 13:25:13 740] - Arrow::onDestroy: 2034.
   S_DBG    cellapp01 1 8001  [2018-01-29 13:25:13 740] - Arrow::destroy: 2034
   ERROR    cellapp01 1 8001  [2018-01-29 13:25:13 741] - Cellapp::onUpdateDataFromClientForControlledEntity: not found entity 2032!
   ERROR    cellapp01 1 8001  [2018-01-29 13:25:13 763] - Cellapp::onUpdateDataFromClientForControlledEntity: not found entity 2033!
   ERROR    cellapp01 1 8001  [2018-01-29 13:25:13 763] - Cellapp::onUpdateDataFromClientForControlledEntity: not found entity 2034!
 WARNING    cellapp01 1 8001  [2018-01-29 13:25:13 763] - G:\GitHub\kbengine\kbe\src\lib\server/entity_app.h:764: Profile processRecvMessages took 0.02 seconds
   DEBUG    cellapp01 1 8001  [2018-01-29 13:25:13 764] - Arrow::~Arrow(): 2032
   DEBUG    cellapp01 1 8001  [2018-01-29 13:25:13 764] - Arrow::~Arrow(): 2033
   DEBUG    cellapp01 1 8001  [2018-01-29 13:25:13 764] - Arrow::~Arrow(): 2034
 WARNING    cellapp01 1 8001  [2018-01-29 13:25:13 764] - cellapp.cpp:260: Profile gameTick took 0.03 seconds
 WARNING    cellapp01 1 8001  [2018-01-29 13:25:13 764] - event_dispatcher.cpp:171: Profile callSystemTimers took 0.03 seconds
   S_DBG    cellapp01 1 8001  [2018-01-29 13:25:14 237] - Role[2027]::reqSyncAniState: {'atk': 0, 'die': 0, 'run': 0}
   S_DBG    cellapp01 1 8001  [2018-01-29 13:25:15 298] - Role::onTimer: 2027, tid:2, arg:5
   S_DBG    cellapp01 1 8001  [2018-01-29 13:25:15 377] - Role[2024]::reqSyncAniState: {'atk': 0, 'die': 0, 'run': 1}
   S_DBG    cellapp01 1 8001  [2018-01-29 13:25:15 837] - Role::onTimer: 2024, tid:3, arg:4
   S_DBG    cellapp01 1 8001  [2018-01-29 13:25:18 377] - Role[2024].reqBeCure: cureType =0.000000, hp=250.000000
   S_DBG    cellapp01 1 8001  [2018-01-29 13:25:20 519] - Role[2024]::reqSyncAniState: {'atk': 0, 'die': 0, 'run': 0}
   S_DBG    cellapp01 1 8001  [2018-01-29 13:25:20 520] - Role[2024]::reqSyncAniState: {'atk': 0, 'die': 0, 'run': 1}
   S_DBG    cellapp01 1 8001  [2018-01-29 13:25:21 057] - Role[2024]::reqSyncAniState: {'atk': 1, 'die': 0, 'run': 1}
   S_DBG    cellapp01 1 8001  [2018-01-29 13:25:21 519] - Role[2024]::reqSyncAniState: {'atk': 0, 'die': 0, 'run': 1}
    INFO    cellapp01 1 8001  [2018-01-29 13:25:21 519] - EntityApp::createEntity: new Arrow 2035
   S_DBG    cellapp01 1 8001  [2018-01-29 13:25:21 519] - Arrow::cell is created: 2035
   S_DBG    cellapp01 1 8001  [2018-01-29 13:25:21 519] - Arrow::onWitnessed: 2035 isWitnessed=1.
   S_DBG    cellapp01 1 8001  [2018-01-29 13:25:21 618] - Role[2024]::reqSyncAniState: {'atk': 0, 'die': 0, 'run': 0}
   S_DBG    cellapp01 1 8001  [2018-01-29 13:25:21 637] - Role[2024].reqActiveArrows: timestamp =1517203521.503547
   S_DBG    cellapp01 1 8001  [2018-01-29 13:25:22 019] - Role[2027].reqBeAttack: attackType =2.000000, damage=300.000000
   S_DBG    cellapp01 1 8001  [2018-01-29 13:25:22 019] - Arrow::reqDestroySelf: 2035
   S_DBG    cellapp01 1 8001  [2018-01-29 13:25:22 157] - Role[2024]::reqSyncAniState: {'atk': 0, 'die': 0, 'run': 1}
   S_DBG    cellapp01 1 8001  [2018-01-29 13:25:22 217] - Arrow::onTimer: 2035, tid:2, arg:1
   S_DBG    cellapp01 1 8001  [2018-01-29 13:25:22 217] - Arrow::onDestroy: 2035.
   S_DBG    cellapp01 1 8001  [2018-01-29 13:25:22 218] - Arrow::destroy: 2035
 WARNING    cellapp01 1 8001  [2018-01-29 13:25:22 219] - Cellapp::onRemoteCallMethodFromClient: not found entityID:2035, srcEntityID:2027.
   DEBUG    cellapp01 1 8001  [2018-01-29 13:25:22 219] - Arrow::~Arrow(): 2035
   S_DBG    cellapp01 1 8001  [2018-01-29 13:25:22 719] - Role[2024]::reqSyncAniState: {'atk': 0, 'die': 0, 'run': 0}
   S_DBG    cellapp01 1 8001  [2018-01-29 13:25:22 737] - Role[2024]::reqSyncAniState: {'atk': 0, 'die': 0, 'run': 1}
   S_DBG    cellapp01 1 8001  [2018-01-29 13:25:23 201] - Role[2024]::reqSyncAniState: {'atk': 0, 'die': 0, 'run': 0}
   S_DBG    cellapp01 1 8001  [2018-01-29 13:25:23 217] - Role[2024]::reqSyncAniState: {'atk': 0, 'die': 0, 'run': 1}
   S_DBG    cellapp01 1 8001  [2018-01-29 13:25:23 537] - Role[2024]::reqSyncAniState: {'atk': 2, 'die': 0, 'run': 1}
    INFO    cellapp01 1 8001  [2018-01-29 13:25:23 936] - EntityApp::createEntity: new Arrow 2036
   S_DBG    cellapp01 1 8001  [2018-01-29 13:25:23 937] - Arrow::cell is created: 2036
   S_DBG    cellapp01 1 8001  [2018-01-29 13:25:23 937] - Arrow::onWitnessed: 2036 isWitnessed=1.
    INFO    cellapp01 1 8001  [2018-01-29 13:25:23 937] - EntityApp::createEntity: new Arrow 2037
   S_DBG    cellapp01 1 8001  [2018-01-29 13:25:23 938] - Arrow::cell is created: 2037
   S_DBG    cellapp01 1 8001  [2018-01-29 13:25:23 938] - Arrow::onWitnessed: 2037 isWitnessed=1.
    INFO    cellapp01 1 8001  [2018-01-29 13:25:23 938] - EntityApp::createEntity: new Arrow 2038
   S_DBG    cellapp01 1 8001  [2018-01-29 13:25:23 938] - Arrow::cell is created: 2038
   S_DBG    cellapp01 1 8001  [2018-01-29 13:25:23 938] - Arrow::onWitnessed: 2038 isWitnessed=1.
    INFO    cellapp01 1 8001  [2018-01-29 13:25:23 938] - EntityApp::createEntity: new Arrow 2039
   S_DBG    cellapp01 1 8001  [2018-01-29 13:25:23 939] - Arrow::cell is created: 2039
   S_DBG    cellapp01 1 8001  [2018-01-29 13:25:23 939] - Arrow::onWitnessed: 2039 isWitnessed=1.
    INFO    cellapp01 1 8001  [2018-01-29 13:25:23 939] - EntityApp::createEntity: new Arrow 2040
   S_DBG    cellapp01 1 8001  [2018-01-29 13:25:23 939] - Arrow::cell is created: 2040
   S_DBG    cellapp01 1 8001  [2018-01-29 13:25:23 939] - Arrow::onWitnessed: 2040 isWitnessed=1.
   S_DBG    cellapp01 1 8001  [2018-01-29 13:25:23 940] - Role[2024]::reqSyncAniState: {'atk': 2, 'die': 0, 'run': 0}
   S_DBG    cellapp01 1 8001  [2018-01-29 13:25:24 077] - Role[2024].reqActiveArrows: timestamp =1517203523.923343
   S_DBG    cellapp01 1 8001  [2018-01-29 13:25:24 200] - Role[2024]::reqSyncAniState: {'atk': 0, 'die': 0, 'run': 0}
   S_DBG    cellapp01 1 8001  [2018-01-29 13:25:24 437] - Role[2027].reqBeAttack: attackType =1.000000, damage=200.000000
   S_DBG    cellapp01 1 8001  [2018-01-29 13:25:24 437] - Arrow::reqDestroySelf: 2036
   S_DBG    cellapp01 1 8001  [2018-01-29 13:25:24 537] - Role[2024]::reqSyncAniState: {'atk': 0, 'die': 0, 'run': 1}
   S_DBG    cellapp01 1 8001  [2018-01-29 13:25:24 637] - Arrow::onTimer: 2036, tid:2, arg:1
   S_DBG    cellapp01 1 8001  [2018-01-29 13:25:24 637] - Arrow::onDestroy: 2036.
   S_DBG    cellapp01 1 8001  [2018-01-29 13:25:24 637] - Arrow::destroy: 2036
   DEBUG    cellapp01 1 8001  [2018-01-29 13:25:24 638] - Arrow::~Arrow(): 2036
 WARNING    cellapp01 1 8001  [2018-01-29 13:25:24 657] - Cellapp::onRemoteCallMethodFromClient: not found entityID:2036, srcEntityID:2027.
   S_DBG    cellapp01 1 8001  [2018-01-29 13:25:27 099] - Arrow::reqDestroySelf: 2037
   S_DBG    cellapp01 1 8001  [2018-01-29 13:25:27 100] - Arrow::reqDestroySelf: 2038
   S_DBG    cellapp01 1 8001  [2018-01-29 13:25:27 100] - Arrow::reqDestroySelf: 2039
   S_DBG    cellapp01 1 8001  [2018-01-29 13:25:27 100] - Arrow::reqDestroySelf: 2040
   S_DBG    cellapp01 1 8001  [2018-01-29 13:25:27 137] - Arrow::onTimer: 2038, tid:1, arg:1
   S_DBG    cellapp01 1 8001  [2018-01-29 13:25:27 137] - Arrow::onDestroy: 2038.
   S_DBG    cellapp01 1 8001  [2018-01-29 13:25:27 138] - Arrow::destroy: 2038
   S_DBG    cellapp01 1 8001  [2018-01-29 13:25:27 138] - Arrow::onTimer: 2037, tid:1, arg:1
   S_DBG    cellapp01 1 8001  [2018-01-29 13:25:27 138] - Arrow::onDestroy: 2037.
   S_DBG    cellapp01 1 8001  [2018-01-29 13:25:27 138] - Arrow::destroy: 2037
   S_DBG    cellapp01 1 8001  [2018-01-29 13:25:27 138] - Arrow::onTimer: 2039, tid:1, arg:1
   S_DBG    cellapp01 1 8001  [2018-01-29 13:25:27 139] - Arrow::onDestroy: 2039.
   S_DBG    cellapp01 1 8001  [2018-01-29 13:25:27 139] - Arrow::destroy: 2039
   S_DBG    cellapp01 1 8001  [2018-01-29 13:25:27 139] - Arrow::onTimer: 2040, tid:1, arg:1
   S_DBG    cellapp01 1 8001  [2018-01-29 13:25:27 139] - Arrow::onDestroy: 2040.
   S_DBG    cellapp01 1 8001  [2018-01-29 13:25:27 139] - Arrow::destroy: 2040
   DEBUG    cellapp01 1 8001  [2018-01-29 13:25:27 140] - Arrow::~Arrow(): 2038
   DEBUG    cellapp01 1 8001  [2018-01-29 13:25:27 140] - Arrow::~Arrow(): 2037
   DEBUG    cellapp01 1 8001  [2018-01-29 13:25:27 140] - Arrow::~Arrow(): 2039
   DEBUG    cellapp01 1 8001  [2018-01-29 13:25:27 140] - Arrow::~Arrow(): 2040
   ERROR    cellapp01 1 8001  [2018-01-29 13:25:27 157] - Cellapp::onUpdateDataFromClientForControlledEntity: not found entity 2037!
   ERROR    cellapp01 1 8001  [2018-01-29 13:25:27 157] - Cellapp::onUpdateDataFromClientForControlledEntity: not found entity 2038!
   ERROR    cellapp01 1 8001  [2018-01-29 13:25:27 158] - Cellapp::onUpdateDataFromClientForControlledEntity: not found entity 2039!
   ERROR    cellapp01 1 8001  [2018-01-29 13:25:27 158] - Cellapp::onUpdateDataFromClientForControlledEntity: not found entity 2040!
   S_DBG    cellapp01 1 8001  [2018-01-29 13:25:27 700] - Role[2024]::reqSyncAniState: {'atk': 0, 'die': 0, 'run': 0}
   S_DBG    cellapp01 1 8001  [2018-01-29 13:25:28 477] - Role::onTimer: 2024, tid:2, arg:5
   S_DBG    cellapp01 1 8001  [2018-01-29 13:25:29 437] - Role::onTimer: 2027, tid:2, arg:4
   S_DBG    cellapp01 1 8001  [2018-01-29 13:25:30 281] - Role[2024]::reqSyncAniState: {'atk': 0, 'die': 0, 'run': 1}
   S_DBG    cellapp01 1 8001  [2018-01-29 13:25:31 317] - Role[2024]::reqSyncAniState: {'atk': 0, 'die': 0, 'run': 0}
   DEBUG    cellapp01 1 8001  [2018-01-29 13:25:39 521] - WitnessedTimeoutHandler::handleTimeout: witnesseds is empty, timer is canceled!
   S_DBG    cellapp01 1 8001  [2018-01-29 13:25:46 577] - Role[2027].reqBeCure: cureType =0.000000, hp=250.000000
   S_DBG    cellapp01 1 8001  [2018-01-29 13:25:49 157] - Role::onDestroy: 2024.
   DEBUG    cellapp01 1 8001  [2018-01-29 13:25:49 157] - Role::~Role(): 2024
   S_DBG    cellapp01 1 8001  [2018-01-29 13:25:50 477] - Role::onDestroy: 2027.
   DEBUG    cellapp01 1 8001  [2018-01-29 13:25:50 479] - Role::~Role(): 2027
   S_DBG    cellapp01 1 8001  [2018-01-29 13:26:04 159] - MoveObj::onWitnessed: 2005 isWitnessed=0.
   S_DBG    cellapp01 1 8001  [2018-01-29 13:26:04 159] - MoveObj::onWitnessed: 2006 isWitnessed=0.
   S_DBG    cellapp01 1 8001  [2018-01-29 13:26:04 160] - MoveObj::onWitnessed: 2007 isWitnessed=0.
   S_DBG    cellapp01 1 8001  [2018-01-29 13:26:04 160] - MoveObj::onWitnessed: 2008 isWitnessed=0.
   S_DBG    cellapp01 1 8001  [2018-01-29 13:26:04 161] - MoveObj::onWitnessed: 2009 isWitnessed=0.
   S_DBG    cellapp01 1 8001  [2018-01-29 13:26:04 161] - MoveObj::onWitnessed: 2010 isWitnessed=0.
   S_DBG    cellapp01 1 8001  [2018-01-29 13:26:04 162] - MoveObj::onWitnessed: 2011 isWitnessed=0.
   S_DBG    cellapp01 1 8001  [2018-01-29 13:26:04 162] - MoveObj::onWitnessed: 2012 isWitnessed=0.
   S_DBG    cellapp01 1 8001  [2018-01-29 13:26:04 163] - MoveObj::onWitnessed: 2013 isWitnessed=0.
   S_DBG    cellapp01 1 8001  [2018-01-29 13:26:04 163] - MoveObj::onWitnessed: 2014 isWitnessed=0.
   S_DBG    cellapp01 1 8001  [2018-01-29 13:26:04 164] - MoveObj::onWitnessed: 2015 isWitnessed=0.
   S_DBG    cellapp01 1 8001  [2018-01-29 13:26:04 164] - MoveObj::onWitnessed: 2016 isWitnessed=0.
   DEBUG    cellapp01 1 8001  [2018-01-29 13:26:04 164] - WitnessedTimeoutHandler::handleTimeout: witnesseds is empty, timer is canceled!
    INFO    cellapp01 1 8001  [2018-01-29 13:36:27 797] - EntityApp::createEntity: new Role 2042
   S_DBG    cellapp01 1 8001  [2018-01-29 13:36:27 798] - Role::cell is created: 2042
   S_DBG    cellapp01 1 8001  [2018-01-29 13:36:27 798] - MoveObj::onWitnessed: 2015 isWitnessed=1.
   S_DBG    cellapp01 1 8001  [2018-01-29 13:36:27 798] - MoveObj::onWitnessed: 2009 isWitnessed=1.
   S_DBG    cellapp01 1 8001  [2018-01-29 13:36:27 798] - MoveObj::onWitnessed: 2013 isWitnessed=1.
   S_DBG    cellapp01 1 8001  [2018-01-29 13:36:27 798] - MoveObj::onWitnessed: 2010 isWitnessed=1.
   S_DBG    cellapp01 1 8001  [2018-01-29 13:36:27 798] - MoveObj::onWitnessed: 2012 isWitnessed=1.
   S_DBG    cellapp01 1 8001  [2018-01-29 13:36:27 798] - MoveObj::onWitnessed: 2006 isWitnessed=1.
   S_DBG    cellapp01 1 8001  [2018-01-29 13:36:27 798] - MoveObj::onWitnessed: 2014 isWitnessed=1.
   S_DBG    cellapp01 1 8001  [2018-01-29 13:36:27 799] - MoveObj::onWitnessed: 2007 isWitnessed=1.
   S_DBG    cellapp01 1 8001  [2018-01-29 13:36:27 799] - MoveObj::onWitnessed: 2008 isWitnessed=1.
   S_DBG    cellapp01 1 8001  [2018-01-29 13:36:27 799] - MoveObj::onWitnessed: 2016 isWitnessed=1.
   S_DBG    cellapp01 1 8001  [2018-01-29 13:36:27 799] - MoveObj::onWitnessed: 2011 isWitnessed=1.
   S_DBG    cellapp01 1 8001  [2018-01-29 13:36:27 799] - MoveObj::onWitnessed: 2005 isWitnessed=1.
   S_DBG    cellapp01 1 8001  [2018-01-29 13:36:27 799] - Role::onGetWitness: 2042.
   S_DBG    cellapp01 1 8001  [2018-01-29 13:36:28 897] - Role[2042]::reqSyncAniState: {'atk': 0, 'die': 0, 'run': 1}
   S_DBG    cellapp01 1 8001  [2018-01-29 13:36:29 616] - Role[2042]::reqSyncAniState: {'atk': 0, 'die': 0, 'run': 0}
   S_DBG    cellapp01 1 8001  [2018-01-29 13:36:29 837] - Role[2042]::reqSyncAniState: {'atk': 0, 'die': 0, 'run': 1}
   S_DBG    cellapp01 1 8001  [2018-01-29 13:36:32 116] - Role[2042]::reqSyncAniState: {'atk': 0, 'die': 0, 'run': 0}
   S_DBG    cellapp01 1 8001  [2018-01-29 13:36:34 576] - Role[2042]::reqSyncAniState: {'atk': 0, 'die': 0, 'run': 1}
   S_DBG    cellapp01 1 8001  [2018-01-29 13:36:35 457] - Role[2042]::reqSyncAniState: {'atk': 0, 'die': 0, 'run': 0}
   S_DBG    cellapp01 1 8001  [2018-01-29 13:36:35 877] - Role[2042]::reqSyncAniState: {'atk': 0, 'die': 0, 'run': 1}
   S_DBG    cellapp01 1 8001  [2018-01-29 13:36:36 297] - Role[2042]::reqSyncAniState: {'atk': 0, 'die': 0, 'run': 0}
   S_DBG    cellapp01 1 8001  [2018-01-29 13:37:25 397] - Role[2042]::reqSyncAniState: {'atk': 0, 'die': 0, 'run': 1}
   S_DBG    cellapp01 1 8001  [2018-01-29 13:37:25 797] - Role[2042]::reqSyncAniState: {'atk': 0, 'die': 0, 'run': 0}
 WARNING    cellapp01 1 8001  [2018-01-29 13:38:17 653] - EntityApp::checkTickPeriod: tick took 285% (0.28 seconds)!
 WARNING    cellapp01 1 8001  [2018-01-29 13:38:17 684] - cellapp.cpp:260: Profile gameTick took 0.03 seconds
 WARNING    cellapp01 1 8001  [2018-01-29 13:38:17 685] - event_dispatcher.cpp:171: Profile callSystemTimers took 0.03 seconds
   S_DBG    cellapp01 1 8001  [2018-01-29 13:38:32 126] - Role::onDestroy: 2042.
   DEBUG    cellapp01 1 8001  [2018-01-29 13:38:32 127] - Role::~Role(): 2042
    INFO    cellapp-1 1 8001  [2018-01-29 13:50:09 700] - -----------------------------------------------------------------------------------------


    INFO    cellapp-1 1 8001  [2018-01-29 13:50:09 701] - Resmgr::initialize: KBE_ROOT=G:/GitHub/kbengine/
    INFO    cellapp-1 1 8001  [2018-01-29 13:50:09 701] - Resmgr::initialize: KBE_RES_PATH=G:/GitHub/kbengine/kbe/res/;G:/GitHub/kbengine/newgame-assets/;G:/GitHub/kbengine/newgame-assets/scripts/;G:/GitHub/kbengine/newgame-assets/res/
    INFO    cellapp-1 1 8001  [2018-01-29 13:50:09 702] - Resmgr::initialize: KBE_BIN_PATH=G:/GitHub/kbengine/kbe/bin/server/
    INFO    cellapp-1 1 8001  [2018-01-29 13:50:09 706] - NetworkInterface::initialize(INTERNAL): bound to all interfaces with default route interface on 10.82.25.163 ( 10.82.25.163:58786 )
    INFO    cellapp-1 1 8001  [2018-01-29 13:50:09 707] - NetworkInterface::initialize(INTERNAL): address 10.82.25.163:58786, SOMAXCONN=5.
    INFO    cellapp-1 1 8001  [2018-01-29 13:50:09 707] - server-configs:
    INFO    cellapp-1 1 8001  [2018-01-29 13:50:09 707] - 	gameUpdateHertz : 50
    INFO    cellapp-1 1 8001  [2018-01-29 13:50:09 708] - 	defaultAoIRadius : 80
    INFO    cellapp-1 1 8001  [2018-01-29 13:50:09 708] - 	defaultAoIHysteresisArea : 5
    INFO    cellapp-1 1 8001  [2018-01-29 13:50:09 708] - 	entryScriptFile : kbemain
    INFO    cellapp-1 1 8001  [2018-01-29 13:50:09 708] - 	internalAddr : 10.82.25.163:58786
    INFO    cellapp-1 1 8001  [2018-01-29 13:50:09 708] - 	componentID : 8001
    INFO    cellapp-1 1 8001  [2018-01-29 13:50:11 216] - ---- cellapp Version: 1.1.0. ScriptVersion: 0.1.0. Protocol: D25B4E16028C33EB467B7BE2F3500426. Config: Debug X86. Built: 00:01:35 Dec  2 2017. AppID: 8001. UID: 1. PID: 9292 ----
    INFO    cellapp-1 1 8001  [2018-01-29 13:50:11 216] - Server : Intel(R) Core(TM) i5-4210H CPU @ 2.90GHz with 2097151kB RAM
    INFO    cellapp-1 1 8001  [2018-01-29 13:50:11 217] - ThreadPool::createThreadPool: creating  threadpool...
    INFO    cellapp-1 1 8001  [2018-01-29 13:50:11 217] - ThreadPool::createThreadPool: successfully(2), newThreadCount=1, normalMaxThreadCount=2, maxThreadCount=8
   DEBUG    cellapp-1 1 8001  [2018-01-29 13:50:11 363] - Script::install_py_dlls(): PyInit_pyexpat
   DEBUG    cellapp-1 1 8001  [2018-01-29 13:50:11 364] - Script::install_py_dlls(): PyInit__socket
   DEBUG    cellapp-1 1 8001  [2018-01-29 13:50:11 365] - Script::install_py_dlls(): PyInit__ssl
   DEBUG    cellapp-1 1 8001  [2018-01-29 13:50:11 370] - Script::install_py_dlls(): PyInit__hashlib
   DEBUG    cellapp-1 1 8001  [2018-01-29 13:50:11 370] - Script::install_py_dlls(): PyInit_select
   DEBUG    cellapp-1 1 8001  [2018-01-29 13:50:11 371] - Script::install_py_dlls(): PyInit__ctypes
   DEBUG    cellapp-1 1 8001  [2018-01-29 13:50:11 372] - Script::install_py_dlls(): PyInit__elementtree
   DEBUG    cellapp-1 1 8001  [2018-01-29 13:50:11 427] - Script::install_py_dlls(): PyInit_unicodedata
    INFO    cellapp-1 1 8001  [2018-01-29 13:50:11 482] - Script::install(): is successfully, Python=(3.4.2 (default, Dec  2 2017, 00:00:20) [MSC v.1900 32 bit (Intel)])!
    INFO    cellapp-1 1 8001  [2018-01-29 13:50:11 482] - Script::install(): KBExtra is successfully!
   DEBUG    cellapp-1 1 8001  [2018-01-29 13:50:11 561] - loaded script:MoveObj(2).
   DEBUG    cellapp-1 1 8001  [2018-01-29 13:50:11 588] - loaded script:Role(3).
   DEBUG    cellapp-1 1 8001  [2018-01-29 13:50:11 592] - loaded script:Arrow(5).
   DEBUG    cellapp-1 1 8001  [2018-01-29 13:50:11 594] - loaded script:Space(6).
   DEBUG    cellapp-1 1 8001  [2018-01-29 13:50:11 596] - loaded script:SpawnPoint(7).
    INFO    cellapp-1 1 8001  [2018-01-29 13:50:11 597] - TelnetServer server is running on port 50000
    INFO    cellapp-1 1 8001  [2018-01-29 13:50:12 394] - ---- cellapp is running ----
   DEBUG    cellapp-1 1 8001  [2018-01-29 13:50:12 395] - Components::process(): Request for the process of identity...
 WARNING    cellapp-1 1 8001  [2018-01-29 13:50:18 527] - EntityApp::checkTickPeriod: tick took 30665% (30.67 seconds)!
    INFO    cellapp-1 1 8001  [2018-01-29 13:50:19 554] - Components::findComponents: find logger(1)...
    INFO    cellapp-1 1 8001  [2018-01-29 13:50:19 585] - Components::findComponents: found logger, addr:10.82.25.163:58784
    INFO    cellapp-1 1 8001  [2018-01-29 13:50:19 586] - Components::addComponent: reset orderLog, uid=1!
    INFO    cellapp-1 1 8001  [2018-01-29 13:50:19 587] - Components::addComponent[logger], uid=1, componentID=2000, globalorderid=1, grouporderid=1, totalcount=1
    INFO    cellapp-1 1 8001  [2018-01-29 13:50:19 590] - Components::findComponents: find dbmgr(2)...
    INFO    cellapp-1 1 8001  [2018-01-29 13:50:19 690] - Components::findComponents: found dbmgr, addr:10.82.25.163:58781
    INFO    cellapp-1 1 8001  [2018-01-29 13:50:19 690] - Components::addComponent: reset orderLog, uid=1!
    INFO    cellapp-1 1 8001  [2018-01-29 13:50:19 691] - Components::addComponent[dbmgr], uid=1, componentID=4000, globalorderid=1, grouporderid=1, totalcount=1
    INFO    cellapp-1 1 8001  [2018-01-29 13:50:19 691] - Components::findComponents: found dbmgr, addr:10.82.25.163:58781
 WARNING    cellapp-1 1 8001  [2018-01-29 13:50:20 694] - EntityApp::checkTickPeriod: tick took 5785% (5.78 seconds)!
    INFO    cellapp-1 1 8001  [2018-01-29 13:50:21 693] - Components::findComponents: find cellappmgr(1)...
    INFO    cellapp-1 1 8001  [2018-01-29 13:50:21 782] - Components::findComponents: found cellappmgr, addr:10.82.25.163:58785
    INFO    cellapp-1 1 8001  [2018-01-29 13:50:21 782] - Components::addComponent[cellappmgr], uid=1, componentID=6000, globalorderid=2, grouporderid=1, totalcount=1
    INFO    cellapp-1 1 8001  [2018-01-29 13:50:21 783] - Components::findComponents: found cellappmgr, addr:10.82.25.163:58785
 WARNING    cellapp-1 1 8001  [2018-01-29 13:50:22 786] - EntityApp::checkTickPeriod: tick took 5555% (5.55 seconds)!
    INFO    cellapp-1 1 8001  [2018-01-29 13:50:23 793] - Components::findComponents: find baseappmgr(1)...
    INFO    cellapp-1 1 8001  [2018-01-29 13:50:23 801] - Components::findComponents: found baseappmgr, addr:10.82.25.163:58782
    INFO    cellapp-1 1 8001  [2018-01-29 13:50:23 802] - Components::addComponent[baseappmgr], uid=1, componentID=5000, globalorderid=3, grouporderid=1, totalcount=1
    INFO    cellapp-1 1 8001  [2018-01-29 13:50:23 803] - Components::findComponents: found baseappmgr, addr:10.82.25.163:58782
 WARNING    cellapp-1 1 8001  [2018-01-29 13:50:24 803] - EntityApp::checkTickPeriod: tick took 5150% (5.15 seconds)!
    INFO    cellapp-1 1 8001  [2018-01-29 13:50:25 853] - Components::findComponents: register self to dbmgr...
    INFO    cellapp-1 1 8001  [2018-01-29 13:50:25 874] - Components::findComponents: register self to cellappmgr...
    INFO    cellapp-1 1 8001  [2018-01-29 13:50:25 893] - Components::findComponents: register self to baseappmgr...
    INFO    cellapp-1 1 8001  [2018-01-29 13:50:25 902] - Components::process(): Found all the components!
    INFO    cellapp-1 1 8001  [2018-01-29 13:50:26 173] - ServerApp::onRegisterNewApp: uid:1, username:, componentType:baseapp, componentID:7001, globalorderID=5, grouporderID=1, intaddr:10.82.25.163, intport:58787, extaddr:10.82.25.163, extport:20015,  from 10.82.25.163:58781/0/0/0.
    INFO    cellapp-1 1 8001  [2018-01-29 13:50:26 173] - Components::addComponent[baseapp], uid=1, componentID=7001, globalorderid=5, grouporderid=1, totalcount=1
    INFO    cellapp-1 1 8001  [2018-01-29 13:50:29 174] - EntityApp::onDbmgrInitCompleted: entityID alloc(1-2001), startGlobalOrder=4, startGroupOrder=1, digest=57558DD95799B072F451BEFAE3F0B1A7.
    INFO    cellapp01 1 8001  [2018-01-29 13:50:29 174] - IDClient::onAddRange: number of ids increased from 1 to 2001.
 WARNING    cellapp01 1 8001  [2018-01-29 13:50:30 104] - BundleBroadcast::BundleBroadcast: Cannot bind to port 20345, errorno=10048
   S_DBG    cellapp01 1 8001  [2018-01-29 13:50:30 719] - onInit::isReload:0
 WARNING    cellapp01 1 8001  [2018-01-29 13:50:30 719] - G:\GitHub\kbengine\kbe\src\lib\server/entity_app.h:764: Profile processRecvMessages took 1.55 seconds
 WARNING    cellapp01 1 8001  [2018-01-29 13:50:30 719] - cellapp.cpp:260: Profile gameTick took 1.55 seconds
 WARNING    cellapp01 1 8001  [2018-01-29 13:50:30 720] - event_dispatcher.cpp:171: Profile callSystemTimers took 1.55 seconds
 WARNING    cellapp01 1 8001  [2018-01-29 13:50:30 720] - EntityApp::checkTickPeriod: tick took 7730% (7.73 seconds)!
   DEBUG    cellapp01 1 8001  [2018-01-29 13:50:30 734] - InitProgressHandler::~InitProgressHandler()
   S_DBG    cellapp01 1 8001  [2018-01-29 13:50:31 234] - onGlobalData: Space
   DEBUG    cellapp01 1 8001  [2018-01-29 13:50:31 253] - Spaces::createNewSpace: new space(Space) 1.
    INFO    cellapp01 1 8001  [2018-01-29 13:50:31 253] - EntityApp::createEntity: new Space 2001
   S_DBG    cellapp01 1 8001  [2018-01-29 13:50:31 254] - Space::cell is created: 2001
    INFO    cellapp01 1 8001  [2018-01-29 13:50:31 254] - KBEngine::addSpaceGeometryMapping: spaceID=1, respath=spaces/newgame_space_data, shouldLoadOnServer=1!
    INFO    cellapp01 1 8001  [2018-01-29 13:50:31 273] - KBEngine::onLoadedSpaceGeometryMapping: spaceID=1, respath=spaces/newgame_space_data!
    INFO    cellapp01 1 8001  [2018-01-29 13:50:35 516] - EntityApp::createEntity: new MoveObj 2005
   S_DBG    cellapp01 1 8001  [2018-01-29 13:50:35 517] - MoveObj::cell is created: 2005
    INFO    cellapp01 1 8001  [2018-01-29 13:50:35 517] - EntityApp::createEntity: new MoveObj 2006
   S_DBG    cellapp01 1 8001  [2018-01-29 13:50:35 517] - MoveObj::cell is created: 2006
    INFO    cellapp01 1 8001  [2018-01-29 13:50:35 517] - EntityApp::createEntity: new MoveObj 2007
   S_DBG    cellapp01 1 8001  [2018-01-29 13:50:35 519] - MoveObj::cell is created: 2007
    INFO    cellapp01 1 8001  [2018-01-29 13:50:35 519] - EntityApp::createEntity: new MoveObj 2008
   S_DBG    cellapp01 1 8001  [2018-01-29 13:50:35 519] - MoveObj::cell is created: 2008
    INFO    cellapp01 1 8001  [2018-01-29 13:50:35 519] - EntityApp::createEntity: new MoveObj 2009
   S_DBG    cellapp01 1 8001  [2018-01-29 13:50:35 519] - MoveObj::cell is created: 2009
    INFO    cellapp01 1 8001  [2018-01-29 13:50:35 520] - EntityApp::createEntity: new MoveObj 2010
   S_DBG    cellapp01 1 8001  [2018-01-29 13:50:35 520] - MoveObj::cell is created: 2010
    INFO    cellapp01 1 8001  [2018-01-29 13:50:35 520] - EntityApp::createEntity: new MoveObj 2011
   S_DBG    cellapp01 1 8001  [2018-01-29 13:50:35 520] - MoveObj::cell is created: 2011
    INFO    cellapp01 1 8001  [2018-01-29 13:50:35 521] - EntityApp::createEntity: new MoveObj 2012
   S_DBG    cellapp01 1 8001  [2018-01-29 13:50:35 521] - MoveObj::cell is created: 2012
    INFO    cellapp01 1 8001  [2018-01-29 13:50:35 533] - EntityApp::createEntity: new MoveObj 2013
   S_DBG    cellapp01 1 8001  [2018-01-29 13:50:35 534] - MoveObj::cell is created: 2013
    INFO    cellapp01 1 8001  [2018-01-29 13:50:35 534] - EntityApp::createEntity: new MoveObj 2014
   S_DBG    cellapp01 1 8001  [2018-01-29 13:50:35 534] - MoveObj::cell is created: 2014
    INFO    cellapp01 1 8001  [2018-01-29 13:50:35 534] - EntityApp::createEntity: new MoveObj 2015
   S_DBG    cellapp01 1 8001  [2018-01-29 13:50:35 534] - MoveObj::cell is created: 2015
    INFO    cellapp01 1 8001  [2018-01-29 13:50:35 535] - EntityApp::createEntity: new MoveObj 2016
   S_DBG    cellapp01 1 8001  [2018-01-29 13:50:35 535] - MoveObj::cell is created: 2016
    INFO    cellapp01 1 8001  [2018-01-29 13:50:35 536] - EntityApp::createEntity: new Role 2003
   S_DBG    cellapp01 1 8001  [2018-01-29 13:50:35 537] - Role::cell is created: 2003
   S_DBG    cellapp01 1 8001  [2018-01-29 13:50:35 537] - MoveObj::onWitnessed: 2013 isWitnessed=1.
   S_DBG    cellapp01 1 8001  [2018-01-29 13:50:35 537] - MoveObj::onWitnessed: 2010 isWitnessed=1.
   S_DBG    cellapp01 1 8001  [2018-01-29 13:50:35 538] - MoveObj::onWitnessed: 2012 isWitnessed=1.
   S_DBG    cellapp01 1 8001  [2018-01-29 13:50:35 538] - MoveObj::onWitnessed: 2006 isWitnessed=1.
   S_DBG    cellapp01 1 8001  [2018-01-29 13:50:35 538] - MoveObj::onWitnessed: 2014 isWitnessed=1.
   S_DBG    cellapp01 1 8001  [2018-01-29 13:50:35 538] - MoveObj::onWitnessed: 2007 isWitnessed=1.
   S_DBG    cellapp01 1 8001  [2018-01-29 13:50:35 538] - MoveObj::onWitnessed: 2008 isWitnessed=1.
   S_DBG    cellapp01 1 8001  [2018-01-29 13:50:35 538] - MoveObj::onWitnessed: 2016 isWitnessed=1.
   S_DBG    cellapp01 1 8001  [2018-01-29 13:50:35 538] - MoveObj::onWitnessed: 2011 isWitnessed=1.
   S_DBG    cellapp01 1 8001  [2018-01-29 13:50:35 538] - MoveObj::onWitnessed: 2009 isWitnessed=1.
   S_DBG    cellapp01 1 8001  [2018-01-29 13:50:35 538] - MoveObj::onWitnessed: 2015 isWitnessed=1.
   S_DBG    cellapp01 1 8001  [2018-01-29 13:50:35 538] - MoveObj::onWitnessed: 2005 isWitnessed=1.
   S_DBG    cellapp01 1 8001  [2018-01-29 13:50:35 538] - Role::onGetWitness: 2003.
   S_DBG    cellapp01 1 8001  [2018-01-29 13:50:40 333] - Role[2003]::reqSyncAniState: {'die': 0, 'atk': 0, 'run': 1}
   S_DBG    cellapp01 1 8001  [2018-01-29 13:50:40 774] - Role[2003]::reqSyncAniState: {'die': 0, 'atk': 0, 'run': 0}
   S_DBG    cellapp01 1 8001  [2018-01-29 13:50:41 173] - Role[2003]::reqSyncAniState: {'die': 0, 'atk': 0, 'run': 1}
   S_DBG    cellapp01 1 8001  [2018-01-29 13:50:41 453] - Role[2003]::reqSyncAniState: {'die': 0, 'atk': 0, 'run': 0}
